Copyright 1986-2019 Xilinx, Inc. All Rights Reserved.
--------------------------------------------------------------------------------------
| Tool Version : Vivado v.2019.1 (lin64) Build 2552052 Fri May 24 14:47:09 MDT 2019
| Date         : Thu Dec  5 16:14:13 2024
| Host         : IT-RDIA-NSH running 64-bit Ubuntu 24.04.1 LTS
| Command      : report_control_sets -verbose -file Task3_top_control_sets_placed.rpt
| Design       : Task3_top
| Device       : xc7a100t
--------------------------------------------------------------------------------------

Control Set Information

Table of Contents
-----------------
1. Summary
2. Histogram
3. Flip-Flop Distribution
4. Detailed Control Set Information

1. Summary
----------

+----------------------------------------------------------+-------+
|                          Status                          | Count |
+----------------------------------------------------------+-------+
| Total control sets                                       |   305 |
|    Minimum number of control sets                        |   305 |
|    Addition due to synthesis replication                 |     0 |
|    Addition due to physical synthesis replication        |     0 |
| Unused register locations in slices containing registers |    19 |
+----------------------------------------------------------+-------+
* Control sets can be merged at opt_design using control_set_merge or merge_equivalent_drivers
** Run report_qor_suggestions for automated merging and remapping suggestions


2. Histogram
------------

+--------------------+-------+
|       Fanout       | Count |
+--------------------+-------+
| Total control sets |   305 |
| >= 0 to < 4        |     0 |
| >= 4 to < 6        |   300 |
| >= 6 to < 8        |     0 |
| >= 8 to < 10       |     1 |
| >= 10 to < 12      |     1 |
| >= 12 to < 14      |     1 |
| >= 14 to < 16      |     0 |
| >= 16              |     2 |
+--------------------+-------+
* Control sets can be remapped at either synth_design or opt_design


3. Flip-Flop Distribution
-------------------------

+--------------+-----------------------+------------------------+-----------------+--------------+
| Clock Enable | Synchronous Set/Reset | Asynchronous Set/Reset | Total Registers | Total Slices |
+--------------+-----------------------+------------------------+-----------------+--------------+
| No           | No                    | No                     |               0 |            0 |
| No           | No                    | Yes                    |              64 |           44 |
| No           | Yes                   | No                     |               0 |            0 |
| Yes          | No                    | No                     |               0 |            0 |
| Yes          | No                    | Yes                    |              53 |           23 |
| Yes          | Yes                   | No                     |               0 |            0 |
+--------------+-----------------------+------------------------+-----------------+--------------+


4. Detailed Control Set Information
-----------------------------------

+----------------------+----------------------------------------------+-----------------------------+------------------+----------------+
|     Clock Signal     |                 Enable Signal                |       Set/Reset Signal      | Slice Load Count | Bel Load Count |
+----------------------+----------------------------------------------+-----------------------------+------------------+----------------+
|  CLK100MHZ_IBUF_BUFG | u_Task3/plot_reg_122                         |                             |                1 |              4 |
|  CLK100MHZ_IBUF_BUFG | u_Task3/plot_reg_1                           |                             |                1 |              4 |
|  CLK100MHZ_IBUF_BUFG | u_Task3/plot_reg_104                         |                             |                1 |              4 |
|  CLK100MHZ_IBUF_BUFG | u_Task3/plot_reg_105                         |                             |                1 |              4 |
|  CLK100MHZ_IBUF_BUFG | u_Task3/plot_reg_106                         |                             |                1 |              4 |
|  CLK100MHZ_IBUF_BUFG | u_Task3/plot_reg_107                         |                             |                1 |              4 |
|  CLK100MHZ_IBUF_BUFG | u_Task3/plot_reg_103                         |                             |                1 |              4 |
|  CLK100MHZ_IBUF_BUFG | u_Task3/plot_reg_108                         |                             |                1 |              4 |
|  CLK100MHZ_IBUF_BUFG | u_Task3/plot_reg_109                         |                             |                1 |              4 |
|  CLK100MHZ_IBUF_BUFG | u_Task3/plot_reg_145                         |                             |                1 |              4 |
|  CLK100MHZ_IBUF_BUFG | u_Task3/plot_reg_100                         |                             |                1 |              4 |
|  CLK100MHZ_IBUF_BUFG | u_Task3/plot_reg_121                         |                             |                1 |              4 |
|  CLK100MHZ_IBUF_BUFG | u_Task3/plot_reg_120                         |                             |                1 |              4 |
|  CLK100MHZ_IBUF_BUFG | u_Task3/plot_reg_12                          |                             |                1 |              4 |
|  CLK100MHZ_IBUF_BUFG | u_Task3/plot_reg_119                         |                             |                1 |              4 |
|  CLK100MHZ_IBUF_BUFG | u_Task3/plot_reg_118                         |                             |                1 |              4 |
|  CLK100MHZ_IBUF_BUFG | u_Task3/plot_reg_117                         |                             |                1 |              4 |
|  CLK100MHZ_IBUF_BUFG | u_Task3/plot_reg_116                         |                             |                1 |              4 |
|  CLK100MHZ_IBUF_BUFG | u_Task3/plot_reg_115                         |                             |                1 |              4 |
|  CLK100MHZ_IBUF_BUFG | u_Task3/plot_reg_114                         |                             |                1 |              4 |
|  CLK100MHZ_IBUF_BUFG | u_Task3/Yo_reg[0]_77                         |                             |                1 |              4 |
|  CLK100MHZ_IBUF_BUFG | u_Task3/Yo_reg[0]_10                         |                             |                1 |              4 |
|  CLK100MHZ_IBUF_BUFG | u_Task3/Yo_reg[0]_70                         |                             |                1 |              4 |
|  CLK100MHZ_IBUF_BUFG | u_Task3/Yo_reg[0]_73                         |                             |                1 |              4 |
|  CLK100MHZ_IBUF_BUFG | u_Task3/Yo_reg[0]_71                         |                             |                1 |              4 |
|  CLK100MHZ_IBUF_BUFG | u_Task3/Yo_reg[0]_76                         |                             |                1 |              4 |
|  CLK100MHZ_IBUF_BUFG | u_Task3/Yo_reg[0]_75                         |                             |                1 |              4 |
|  CLK100MHZ_IBUF_BUFG | u_Task3/Yo_reg[0]_72                         |                             |                1 |              4 |
|  CLK100MHZ_IBUF_BUFG | u_Task3/Yo_reg[0]_79                         |                             |                1 |              4 |
|  CLK100MHZ_IBUF_BUFG | u_Task3/Yo_reg[0]_78                         |                             |                1 |              4 |
|  CLK100MHZ_IBUF_BUFG | u_Task3/plot_reg_113                         |                             |                1 |              4 |
|  CLK100MHZ_IBUF_BUFG | u_Task3/plot_reg_123                         |                             |                1 |              4 |
|  CLK100MHZ_IBUF_BUFG | u_Task3/Yo_reg[0]_74                         |                             |                1 |              4 |
|  CLK100MHZ_IBUF_BUFG | u_Task3/Yo_reg[0]_9                          |                             |                1 |              4 |
|  CLK100MHZ_IBUF_BUFG | u_Task3/Yo_reg[0]_8                          |                             |                1 |              4 |
|  CLK100MHZ_IBUF_BUFG | u_Task3/plot_reg_10                          |                             |                1 |              4 |
|  CLK100MHZ_IBUF_BUFG | u_Task3/plot_reg_0                           |                             |                1 |              4 |
|  CLK100MHZ_IBUF_BUFG | u_Task3/plot_reg_101                         |                             |                1 |              4 |
|  CLK100MHZ_IBUF_BUFG | u_Task3/plot_reg_102                         |                             |                1 |              4 |
|  CLK100MHZ_IBUF_BUFG | u_Task3/plot_reg_209                         |                             |                1 |              4 |
|  CLK100MHZ_IBUF_BUFG | u_Task3/plot_reg_217                         |                             |                1 |              4 |
|  CLK100MHZ_IBUF_BUFG | u_Task3/plot_reg_216                         |                             |                1 |              4 |
|  CLK100MHZ_IBUF_BUFG | u_Task3/plot_reg_215                         |                             |                1 |              4 |
|  CLK100MHZ_IBUF_BUFG | u_Task3/plot_reg_214                         |                             |                1 |              4 |
|  CLK100MHZ_IBUF_BUFG | u_Task3/plot_reg_213                         |                             |                1 |              4 |
|  CLK100MHZ_IBUF_BUFG | u_Task3/plot_reg_212                         |                             |                1 |              4 |
|  CLK100MHZ_IBUF_BUFG | u_Task3/plot_reg_211                         |                             |                1 |              4 |
|  CLK100MHZ_IBUF_BUFG | u_Task3/plot_reg_210                         |                             |                1 |              4 |
|  CLK100MHZ_IBUF_BUFG | u_Task3/plot_reg_21                          |                             |                1 |              4 |
|  CLK100MHZ_IBUF_BUFG | u_Task3/plot_reg_218                         |                             |                1 |              4 |
|  CLK100MHZ_IBUF_BUFG | u_Task3/plot_reg_208                         |                             |                1 |              4 |
|  CLK100MHZ_IBUF_BUFG | u_Task3/plot_reg_207                         |                             |                1 |              4 |
|  CLK100MHZ_IBUF_BUFG | u_Task3/plot_reg_206                         |                             |                1 |              4 |
|  CLK100MHZ_IBUF_BUFG | u_Task3/plot_reg_205                         |                             |                1 |              4 |
|  CLK100MHZ_IBUF_BUFG | u_Task3/plot_reg_204                         |                             |                1 |              4 |
|  CLK100MHZ_IBUF_BUFG | u_Task3/plot_reg_20                          |                             |                1 |              4 |
|  CLK100MHZ_IBUF_BUFG | u_Task3/plot_reg_2                           |                             |                1 |              4 |
|  CLK100MHZ_IBUF_BUFG | u_Task3/plot_reg_198                         |                             |                1 |              4 |
|  CLK100MHZ_IBUF_BUFG | u_Task3/plot_reg_59                          |                             |                1 |              4 |
|  CLK100MHZ_IBUF_BUFG | u_Task3/plot_reg_112                         |                             |                1 |              4 |
|  CLK100MHZ_IBUF_BUFG | u_Task3/plot_reg_111                         |                             |                1 |              4 |
|  CLK100MHZ_IBUF_BUFG | u_Task3/plot_reg_110                         |                             |                1 |              4 |
|  CLK100MHZ_IBUF_BUFG | u_Task3/plot_reg_11                          |                             |                1 |              4 |
|  CLK100MHZ_IBUF_BUFG | u_Task3/plot_reg_63                          |                             |                1 |              4 |
|  CLK100MHZ_IBUF_BUFG | u_Task3/plot_reg_62                          |                             |                1 |              4 |
|  CLK100MHZ_IBUF_BUFG | u_Task3/plot_reg_61                          |                             |                1 |              4 |
|  CLK100MHZ_IBUF_BUFG | u_Task3/plot_reg_60                          |                             |                1 |              4 |
|  CLK100MHZ_IBUF_BUFG | u_Task3/plot_reg_6                           |                             |                1 |              4 |
|  CLK100MHZ_IBUF_BUFG | u_Task3/Yo_reg[0]_1                          |                             |                1 |              4 |
|  CLK100MHZ_IBUF_BUFG | u_Task3/plot_reg_58                          |                             |                1 |              4 |
|  CLK100MHZ_IBUF_BUFG | u_Task3/plot_reg_57                          |                             |                1 |              4 |
|  CLK100MHZ_IBUF_BUFG | u_Task3/plot_reg_56                          |                             |                1 |              4 |
|  CLK100MHZ_IBUF_BUFG | u_Task3/plot_reg_31                          |                             |                1 |              4 |
|  CLK100MHZ_IBUF_BUFG | u_Task3/plot_reg_30                          |                             |                1 |              4 |
|  CLK100MHZ_IBUF_BUFG | u_Task3/plot_reg_3                           |                             |                1 |              4 |
|  CLK100MHZ_IBUF_BUFG | u_Task3/plot_reg_29                          |                             |                1 |              4 |
|  CLK100MHZ_IBUF_BUFG | u_Task3/plot_reg_219                         |                             |                1 |              4 |
|  CLK100MHZ_IBUF_BUFG | u_Task3/plot_reg_73                          |                             |                1 |              4 |
|  CLK100MHZ_IBUF_BUFG | u_Task3/plot_reg_81                          |                             |                1 |              4 |
|  CLK100MHZ_IBUF_BUFG | u_Task3/plot_reg_80                          |                             |                1 |              4 |
|  CLK100MHZ_IBUF_BUFG | u_Task3/plot_reg_8                           |                             |                1 |              4 |
|  CLK100MHZ_IBUF_BUFG | u_Task3/plot_reg_79                          |                             |                1 |              4 |
|  CLK100MHZ_IBUF_BUFG | u_Task3/plot_reg_78                          |                             |                1 |              4 |
|  CLK100MHZ_IBUF_BUFG | u_Task3/plot_reg_77                          |                             |                1 |              4 |
|  CLK100MHZ_IBUF_BUFG | u_Task3/plot_reg_76                          |                             |                1 |              4 |
|  CLK100MHZ_IBUF_BUFG | u_Task3/plot_reg_75                          |                             |                1 |              4 |
|  CLK100MHZ_IBUF_BUFG | u_Task3/plot_reg_74                          |                             |                1 |              4 |
|  CLK100MHZ_IBUF_BUFG | u_Task3/plot_reg_82                          |                             |                1 |              4 |
|  CLK100MHZ_IBUF_BUFG | u_Task3/plot_reg_72                          |                             |                1 |              4 |
|  CLK100MHZ_IBUF_BUFG | u_Task3/plot_reg_71                          |                             |                1 |              4 |
|  CLK100MHZ_IBUF_BUFG | u_Task3/plot_reg_70                          |                             |                1 |              4 |
|  CLK100MHZ_IBUF_BUFG | u_Task3/plot_reg_7                           |                             |                1 |              4 |
|  CLK100MHZ_IBUF_BUFG | u_Task3/plot_reg_69                          |                             |                1 |              4 |
|  CLK100MHZ_IBUF_BUFG | u_Task3/plot_reg_68                          |                             |                1 |              4 |
|  CLK100MHZ_IBUF_BUFG | u_Task3/plot_reg_67                          |                             |                1 |              4 |
|  CLK100MHZ_IBUF_BUFG | u_Task3/plot_reg_66                          |                             |                1 |              4 |
|  CLK100MHZ_IBUF_BUFG | u_Task3/plot_reg_90                          |                             |                1 |              4 |
|  CLK100MHZ_IBUF_BUFG | u_Task3/plot_reg_99                          |                             |                1 |              4 |
|  CLK100MHZ_IBUF_BUFG | u_Task3/plot_reg_98                          |                             |                1 |              4 |
|  CLK100MHZ_IBUF_BUFG | u_Task3/plot_reg_97                          |                             |                1 |              4 |
|  CLK100MHZ_IBUF_BUFG | u_Task3/plot_reg_96                          |                             |                1 |              4 |
|  CLK100MHZ_IBUF_BUFG | u_Task3/plot_reg_95                          |                             |                1 |              4 |
|  CLK100MHZ_IBUF_BUFG | u_Task3/plot_reg_94                          |                             |                1 |              4 |
|  CLK100MHZ_IBUF_BUFG | u_Task3/plot_reg_93                          |                             |                1 |              4 |
|  CLK100MHZ_IBUF_BUFG | u_Task3/plot_reg_92                          |                             |                1 |              4 |
|  CLK100MHZ_IBUF_BUFG | u_Task3/plot_reg_91                          |                             |                1 |              4 |
|  CLK100MHZ_IBUF_BUFG | u_Task3/plot_reg_65                          |                             |                1 |              4 |
|  CLK100MHZ_IBUF_BUFG | u_Task3/plot_reg_9                           |                             |                1 |              4 |
|  CLK100MHZ_IBUF_BUFG | u_Task3/plot_reg_89                          |                             |                1 |              4 |
|  CLK100MHZ_IBUF_BUFG | u_Task3/plot_reg_88                          |                             |                1 |              4 |
|  CLK100MHZ_IBUF_BUFG | u_Task3/plot_reg_87                          |                             |                1 |              4 |
|  CLK100MHZ_IBUF_BUFG | u_Task3/plot_reg_86                          |                             |                1 |              4 |
|  CLK100MHZ_IBUF_BUFG | u_Task3/plot_reg_85                          |                             |                1 |              4 |
|  CLK100MHZ_IBUF_BUFG | u_Task3/plot_reg_84                          |                             |                1 |              4 |
|  CLK100MHZ_IBUF_BUFG | u_Task3/plot_reg_83                          |                             |                1 |              4 |
|  CLK100MHZ_IBUF_BUFG | u_Task3/plot_reg_129                         |                             |                1 |              4 |
|  CLK100MHZ_IBUF_BUFG | u_Task3/plot_reg_138                         |                             |                1 |              4 |
|  CLK100MHZ_IBUF_BUFG | u_Task3/plot_reg_137                         |                             |                1 |              4 |
|  CLK100MHZ_IBUF_BUFG | u_Task3/plot_reg_135                         |                             |                1 |              4 |
|  CLK100MHZ_IBUF_BUFG | u_Task3/plot_reg_136                         |                             |                1 |              4 |
|  CLK100MHZ_IBUF_BUFG | u_Task3/plot_reg_134                         |                             |                1 |              4 |
|  CLK100MHZ_IBUF_BUFG | u_Task3/plot_reg_130                         |                             |                1 |              4 |
|  CLK100MHZ_IBUF_BUFG | u_Task3/plot_reg_133                         |                             |                1 |              4 |
|  CLK100MHZ_IBUF_BUFG | u_Task3/plot_reg_132                         |                             |                1 |              4 |
|  CLK100MHZ_IBUF_BUFG | u_Task3/plot_reg_131                         |                             |                1 |              4 |
|  CLK100MHZ_IBUF_BUFG | u_Task3/plot_reg_14                          |                             |                1 |              4 |
|  CLK100MHZ_IBUF_BUFG | u_Task3/plot_reg_13                          |                             |                1 |              4 |
|  CLK100MHZ_IBUF_BUFG | u_Task3/plot_reg_128                         |                             |                1 |              4 |
|  CLK100MHZ_IBUF_BUFG | u_Task3/plot_reg_127                         |                             |                1 |              4 |
|  CLK100MHZ_IBUF_BUFG | u_Task3/plot_reg_126                         |                             |                1 |              4 |
|  CLK100MHZ_IBUF_BUFG | u_Task3/plot_reg_125                         |                             |                1 |              4 |
|  CLK100MHZ_IBUF_BUFG | u_Task3/plot_reg_124                         |                             |                1 |              4 |
|  CLK100MHZ_IBUF_BUFG | u_Task3/plot_reg_156                         |                             |                1 |              4 |
|  CLK100MHZ_IBUF_BUFG | u_Task3/Yo_reg[0]_0                          |                             |                1 |              4 |
|  CLK100MHZ_IBUF_BUFG | u_Task3/plot_reg_148                         |                             |                1 |              4 |
|  CLK100MHZ_IBUF_BUFG | u_Task3/plot_reg_64                          |                             |                1 |              4 |
|  CLK100MHZ_IBUF_BUFG | u_Task3/plot_reg_155                         |                             |                1 |              4 |
|  CLK100MHZ_IBUF_BUFG | u_Task3/plot_reg_154                         |                             |                1 |              4 |
|  CLK100MHZ_IBUF_BUFG | u_Task3/plot_reg_150                         |                             |                1 |              4 |
|  CLK100MHZ_IBUF_BUFG | u_Task3/plot_reg_153                         |                             |                1 |              4 |
|  CLK100MHZ_IBUF_BUFG | u_Task3/plot_reg_152                         |                             |                1 |              4 |
|  CLK100MHZ_IBUF_BUFG | u_Task3/plot_reg_151                         |                             |                1 |              4 |
|  CLK100MHZ_IBUF_BUFG | u_Task3/plot_reg_149                         |                             |                1 |              4 |
|  CLK100MHZ_IBUF_BUFG | u_Task3/plot_reg_15                          |                             |                1 |              4 |
|  CLK100MHZ_IBUF_BUFG | u_Task3/plot_reg_197                         |                             |                1 |              4 |
|  CLK100MHZ_IBUF_BUFG | u_Task3/plot_reg_147                         |                             |                1 |              4 |
|  CLK100MHZ_IBUF_BUFG | u_Task3/plot_reg_146                         |                             |                1 |              4 |
|  CLK100MHZ_IBUF_BUFG | u_Task3/plot_reg_144                         |                             |                1 |              4 |
|  CLK100MHZ_IBUF_BUFG | u_Task3/plot_reg_140                         |                             |                1 |              4 |
|  CLK100MHZ_IBUF_BUFG | u_Task3/plot_reg_143                         |                             |                1 |              4 |
|  CLK100MHZ_IBUF_BUFG | u_Task3/plot_reg_142                         |                             |                1 |              4 |
|  CLK100MHZ_IBUF_BUFG | u_Task3/plot_reg_141                         |                             |                1 |              4 |
|  CLK100MHZ_IBUF_BUFG | u_Task3/plot_reg_139                         |                             |                1 |              4 |
|  CLK100MHZ_IBUF_BUFG | u_Task3/plot_reg_40                          |                             |                1 |              4 |
|  CLK100MHZ_IBUF_BUFG | u_Task3/plot_reg_49                          |                             |                1 |              4 |
|  CLK100MHZ_IBUF_BUFG | u_Task3/plot_reg_48                          |                             |                1 |              4 |
|  CLK100MHZ_IBUF_BUFG | u_Task3/plot_reg_47                          |                             |                1 |              4 |
|  CLK100MHZ_IBUF_BUFG | u_Task3/plot_reg_46                          |                             |                1 |              4 |
|  CLK100MHZ_IBUF_BUFG | u_Task3/plot_reg_45                          |                             |                1 |              4 |
|  CLK100MHZ_IBUF_BUFG | u_Task3/plot_reg_44                          |                             |                1 |              4 |
|  CLK100MHZ_IBUF_BUFG | u_Task3/plot_reg_43                          |                             |                1 |              4 |
|  CLK100MHZ_IBUF_BUFG | u_Task3/plot_reg_42                          |                             |                1 |              4 |
|  CLK100MHZ_IBUF_BUFG | u_Task3/plot_reg_41                          |                             |                1 |              4 |
|  CLK100MHZ_IBUF_BUFG | u_Task3/plot_reg_5                           |                             |                1 |              4 |
|  CLK100MHZ_IBUF_BUFG | u_Task3/plot_reg_4                           |                             |                1 |              4 |
|  CLK100MHZ_IBUF_BUFG | u_Task3/plot_reg_39                          |                             |                1 |              4 |
|  CLK100MHZ_IBUF_BUFG | u_Task3/plot_reg_38                          |                             |                1 |              4 |
|  CLK100MHZ_IBUF_BUFG | u_Task3/plot_reg_37                          |                             |                1 |              4 |
|  CLK100MHZ_IBUF_BUFG | u_Task3/plot_reg_36                          |                             |                1 |              4 |
|  CLK100MHZ_IBUF_BUFG | u_Task3/plot_reg_35                          |                             |                1 |              4 |
|  CLK100MHZ_IBUF_BUFG | u_Task3/plot_reg_34                          |                             |                1 |              4 |
|  CLK100MHZ_IBUF_BUFG | u_Task3/plot_reg_33                          |                             |                1 |              4 |
|  CLK100MHZ_IBUF_BUFG | u_Task3/Yo_reg[0]_13                         |                             |                1 |              4 |
|  CLK100MHZ_IBUF_BUFG | u_Task3/Yo_reg[0]_21                         |                             |                1 |              4 |
|  CLK100MHZ_IBUF_BUFG | u_Task3/Yo_reg[0]_20                         |                             |                1 |              4 |
|  CLK100MHZ_IBUF_BUFG | u_Task3/Yo_reg[0]_2                          |                             |                1 |              4 |
|  CLK100MHZ_IBUF_BUFG | u_Task3/Yo_reg[0]_19                         |                             |                1 |              4 |
|  CLK100MHZ_IBUF_BUFG | u_Task3/Yo_reg[0]_18                         |                             |                1 |              4 |
|  CLK100MHZ_IBUF_BUFG | u_Task3/Yo_reg[0]_17                         |                             |                1 |              4 |
|  CLK100MHZ_IBUF_BUFG | u_Task3/Yo_reg[0]_16                         |                             |                1 |              4 |
|  CLK100MHZ_IBUF_BUFG | u_Task3/Yo_reg[0]_15                         |                             |                1 |              4 |
|  CLK100MHZ_IBUF_BUFG | u_Task3/Yo_reg[0]_14                         |                             |                1 |              4 |
|  CLK100MHZ_IBUF_BUFG | u_Task3/plot_reg_32                          |                             |                1 |              4 |
|  CLK100MHZ_IBUF_BUFG | u_Task3/Yo_reg[0]_12                         |                             |                1 |              4 |
|  CLK100MHZ_IBUF_BUFG | u_Task3/Yo_reg[0]_11                         |                             |                1 |              4 |
|  CLK100MHZ_IBUF_BUFG | u_Task3/plot_reg_55                          |                             |                1 |              4 |
|  CLK100MHZ_IBUF_BUFG | u_Task3/plot_reg_54                          |                             |                1 |              4 |
|  CLK100MHZ_IBUF_BUFG | u_Task3/plot_reg_53                          |                             |                1 |              4 |
|  CLK100MHZ_IBUF_BUFG | u_Task3/plot_reg_52                          |                             |                1 |              4 |
|  CLK100MHZ_IBUF_BUFG | u_Task3/plot_reg_51                          |                             |                1 |              4 |
|  CLK100MHZ_IBUF_BUFG | u_Task3/plot_reg_50                          |                             |                1 |              4 |
|  CLK100MHZ_IBUF_BUFG | u_Task3/plot_reg_165                         |                             |                1 |              4 |
|  CLK100MHZ_IBUF_BUFG | u_Task3/plot_reg_177                         |                             |                1 |              4 |
|  CLK100MHZ_IBUF_BUFG | u_Task3/plot_reg_176                         |                             |                1 |              4 |
|  CLK100MHZ_IBUF_BUFG | u_Task3/plot_reg_175                         |                             |                1 |              4 |
|  CLK100MHZ_IBUF_BUFG | u_Task3/plot_reg_173                         |                             |                1 |              4 |
|  CLK100MHZ_IBUF_BUFG | u_Task3/plot_reg_172                         |                             |                1 |              4 |
|  CLK100MHZ_IBUF_BUFG | u_Task3/plot_reg_170                         |                             |                1 |              4 |
|  CLK100MHZ_IBUF_BUFG | u_Task3/plot_reg_17                          |                             |                1 |              4 |
|  CLK100MHZ_IBUF_BUFG | u_Task3/plot_reg_168                         |                             |                1 |              4 |
|  CLK100MHZ_IBUF_BUFG | u_Task3/plot_reg_167                         |                             |                1 |              4 |
|  CLK100MHZ_IBUF_BUFG | u_Task3/plot_reg_178                         |                             |                1 |              4 |
|  CLK100MHZ_IBUF_BUFG | u_Task3/plot_reg_164                         |                             |                1 |              4 |
|  CLK100MHZ_IBUF_BUFG | u_Task3/plot_reg_162                         |                             |                1 |              4 |
|  CLK100MHZ_IBUF_BUFG | u_Task3/plot_reg_161                         |                             |                1 |              4 |
|  CLK100MHZ_IBUF_BUFG | u_Task3/plot_reg_160                         |                             |                1 |              4 |
|  CLK100MHZ_IBUF_BUFG | u_Task3/plot_reg_16                          |                             |                1 |              4 |
|  CLK100MHZ_IBUF_BUFG | u_Task3/plot_reg_159                         |                             |                1 |              4 |
|  CLK100MHZ_IBUF_BUFG | u_Task3/plot_reg_158                         |                             |                1 |              4 |
|  CLK100MHZ_IBUF_BUFG | u_Task3/plot_reg_157                         |                             |                1 |              4 |
|  CLK100MHZ_IBUF_BUFG | u_Task3/plot_reg_202                         |                             |                1 |              4 |
|  CLK100MHZ_IBUF_BUFG | u_Task3/plot_reg_28                          |                             |                1 |              4 |
|  CLK100MHZ_IBUF_BUFG | u_Task3/plot_reg_27                          |                             |                1 |              4 |
|  CLK100MHZ_IBUF_BUFG | u_Task3/plot_reg_26                          |                             |                1 |              4 |
|  CLK100MHZ_IBUF_BUFG | u_Task3/plot_reg_25                          |                             |                1 |              4 |
|  CLK100MHZ_IBUF_BUFG | u_Task3/plot_reg_24                          |                             |                1 |              4 |
|  CLK100MHZ_IBUF_BUFG | u_Task3/plot_reg_23                          |                             |                1 |              4 |
|  CLK100MHZ_IBUF_BUFG | u_Task3/plot_reg_22                          |                             |                1 |              4 |
|  CLK100MHZ_IBUF_BUFG | u_Task3/plot_reg_203                         |                             |                1 |              4 |
|  CLK100MHZ_IBUF_BUFG | u_Task3/plot_reg_196                         |                             |                1 |              4 |
|  CLK100MHZ_IBUF_BUFG | u_Task3/plot_reg_201                         |                             |                1 |              4 |
|  CLK100MHZ_IBUF_BUFG | u_Task3/plot_reg_200                         |                             |                1 |              4 |
|  CLK100MHZ_IBUF_BUFG | u_Task3/plot_reg_199                         |                             |                1 |              4 |
|  CLK100MHZ_IBUF_BUFG | u_Task3/plot_reg_188                         |                             |                1 |              4 |
|  CLK100MHZ_IBUF_BUFG | u_Task3/plot_reg_185                         |                             |                1 |              4 |
|  CLK100MHZ_IBUF_BUFG | u_Task3/plot_reg_184                         |                             |                1 |              4 |
|  CLK100MHZ_IBUF_BUFG | u_Task3/plot_reg_183                         |                             |                1 |              4 |
|  CLK100MHZ_IBUF_BUFG | u_Task3/plot_reg_182                         |                             |                1 |              4 |
|  CLK100MHZ_IBUF_BUFG | u_Task3/Yo_reg[0]_63                         |                             |                1 |              4 |
|  CLK100MHZ_IBUF_BUFG | u_Task3/plot_reg_163                         |                             |                1 |              4 |
|  CLK100MHZ_IBUF_BUFG | u_Task3/Yo_reg[0]_7                          |                             |                1 |              4 |
|  CLK100MHZ_IBUF_BUFG | u_Task3/Yo_reg[0]_69                         |                             |                1 |              4 |
|  CLK100MHZ_IBUF_BUFG | u_Task3/Yo_reg[0]_68                         |                             |                1 |              4 |
|  CLK100MHZ_IBUF_BUFG | u_Task3/Yo_reg[0]_67                         |                             |                1 |              4 |
|  CLK100MHZ_IBUF_BUFG | u_Task3/Yo_reg[0]_66                         |                             |                1 |              4 |
|  CLK100MHZ_IBUF_BUFG | u_Task3/Yo_reg[0]_65                         |                             |                1 |              4 |
|  CLK100MHZ_IBUF_BUFG | u_Task3/Yo_reg[0]_64                         |                             |                1 |              4 |
|  CLK100MHZ_IBUF_BUFG | u_Task3/plot_reg_166                         |                             |                1 |              4 |
|  CLK100MHZ_IBUF_BUFG | u_Task3/Yo_reg[0]_62                         |                             |                1 |              4 |
|  CLK100MHZ_IBUF_BUFG | u_Task3/Yo_reg[0]_61                         |                             |                1 |              4 |
|  CLK100MHZ_IBUF_BUFG | u_Task3/Yo_reg[0]_60                         |                             |                1 |              4 |
|  CLK100MHZ_IBUF_BUFG | u_Task3/Yo_reg[0]_6                          |                             |                1 |              4 |
|  CLK100MHZ_IBUF_BUFG | u_Task3/Yo_reg[0]_59                         |                             |                1 |              4 |
|  CLK100MHZ_IBUF_BUFG | u_Task3/Yo_reg[0]_58                         |                             |                1 |              4 |
|  CLK100MHZ_IBUF_BUFG | u_Task3/Yo_reg[0]_57                         |                             |                1 |              4 |
|  CLK100MHZ_IBUF_BUFG | u_Task3/Yo_reg[0]_56                         |                             |                1 |              4 |
|  CLK100MHZ_IBUF_BUFG | u_Task3/plot_reg_187                         |                             |                1 |              4 |
|  CLK100MHZ_IBUF_BUFG | u_Task3/plot_reg_195                         |                             |                1 |              4 |
|  CLK100MHZ_IBUF_BUFG | u_Task3/plot_reg_194                         |                             |                1 |              4 |
|  CLK100MHZ_IBUF_BUFG | u_Task3/plot_reg_193                         |                             |                1 |              4 |
|  CLK100MHZ_IBUF_BUFG | u_Task3/plot_reg_192                         |                             |                1 |              4 |
|  CLK100MHZ_IBUF_BUFG | u_Task3/plot_reg_191                         |                             |                1 |              4 |
|  CLK100MHZ_IBUF_BUFG | u_Task3/plot_reg_190                         |                             |                1 |              4 |
|  CLK100MHZ_IBUF_BUFG | u_Task3/plot_reg_19                          |                             |                1 |              4 |
|  CLK100MHZ_IBUF_BUFG | u_Task3/plot_reg_189                         |                             |                1 |              4 |
|  CLK100MHZ_IBUF_BUFG | u_Task3/Yo_reg[0]_23                         |                             |                1 |              4 |
|  CLK100MHZ_IBUF_BUFG | u_Task3/plot_reg_186                         |                             |                1 |              4 |
|  CLK100MHZ_IBUF_BUFG | u_Task3/plot_reg_181                         |                             |                1 |              4 |
|  CLK100MHZ_IBUF_BUFG | u_Task3/plot_reg_180                         |                             |                1 |              4 |
|  CLK100MHZ_IBUF_BUFG | u_Task3/plot_reg_18                          |                             |                1 |              4 |
|  CLK100MHZ_IBUF_BUFG | u_Task3/plot_reg_179                         |                             |                1 |              4 |
|  CLK100MHZ_IBUF_BUFG | u_Task3/plot_reg_174                         |                             |                1 |              4 |
|  CLK100MHZ_IBUF_BUFG | u_Task3/plot_reg_171                         |                             |                1 |              4 |
|  CLK100MHZ_IBUF_BUFG | u_Task3/plot_reg_169                         |                             |                1 |              4 |
|  CLK100MHZ_IBUF_BUFG | u_Task3/Yo_reg[0]_30                         |                             |                1 |              4 |
|  CLK100MHZ_IBUF_BUFG | u_Task3/Yo_reg[0]_39                         |                             |                1 |              4 |
|  CLK100MHZ_IBUF_BUFG | u_Task3/Yo_reg[0]_38                         |                             |                1 |              4 |
|  CLK100MHZ_IBUF_BUFG | u_Task3/Yo_reg[0]_37                         |                             |                1 |              4 |
|  CLK100MHZ_IBUF_BUFG | u_Task3/Yo_reg[0]_36                         |                             |                1 |              4 |
|  CLK100MHZ_IBUF_BUFG | u_Task3/Yo_reg[0]_35                         |                             |                1 |              4 |
|  CLK100MHZ_IBUF_BUFG | u_Task3/Yo_reg[0]_34                         |                             |                1 |              4 |
|  CLK100MHZ_IBUF_BUFG | u_Task3/Yo_reg[0]_33                         |                             |                1 |              4 |
|  CLK100MHZ_IBUF_BUFG | u_Task3/Yo_reg[0]_32                         |                             |                1 |              4 |
|  CLK100MHZ_IBUF_BUFG | u_Task3/Yo_reg[0]_31                         |                             |                1 |              4 |
|  CLK100MHZ_IBUF_BUFG | u_Task3/Yo_reg[0]_54                         |                             |                1 |              4 |
|  CLK100MHZ_IBUF_BUFG | u_Task3/Yo_reg[0]_3                          |                             |                1 |              4 |
|  CLK100MHZ_IBUF_BUFG | u_Task3/Yo_reg[0]_29                         |                             |                1 |              4 |
|  CLK100MHZ_IBUF_BUFG | u_Task3/Yo_reg[0]_28                         |                             |                1 |              4 |
|  CLK100MHZ_IBUF_BUFG | u_Task3/Yo_reg[0]_27                         |                             |                1 |              4 |
|  CLK100MHZ_IBUF_BUFG | u_Task3/Yo_reg[0]_26                         |                             |                1 |              4 |
|  CLK100MHZ_IBUF_BUFG | u_Task3/Yo_reg[0]_25                         |                             |                1 |              4 |
|  CLK100MHZ_IBUF_BUFG | u_Task3/Yo_reg[0]_24                         |                             |                1 |              4 |
|  CLK100MHZ_IBUF_BUFG | u_Task3/Yo_reg[0]_22                         |                             |                1 |              4 |
|  CLK100MHZ_IBUF_BUFG | u_Task3/Yo_reg[0]_48                         |                             |                1 |              4 |
|  CLK100MHZ_IBUF_BUFG | u_Task3/Yo_reg[0]_55                         |                             |                1 |              4 |
|  CLK100MHZ_IBUF_BUFG | u_Task3/Yo_reg[0]_53                         |                             |                1 |              4 |
|  CLK100MHZ_IBUF_BUFG | u_Task3/Yo_reg[0]_52                         |                             |                1 |              4 |
|  CLK100MHZ_IBUF_BUFG | u_Task3/Yo_reg[0]_51                         |                             |                1 |              4 |
|  CLK100MHZ_IBUF_BUFG | u_Task3/Yo_reg[0]_50                         |                             |                1 |              4 |
|  CLK100MHZ_IBUF_BUFG | u_Task3/Yo_reg[0]_5                          |                             |                1 |              4 |
|  CLK100MHZ_IBUF_BUFG | u_Task3/Yo_reg[0]_4                          |                             |                1 |              4 |
|  CLK100MHZ_IBUF_BUFG | u_Task3/Yo_reg[0]_49                         |                             |                1 |              4 |
|  CLK100MHZ_IBUF_BUFG | u_Task3/Yo_reg[0]_47                         |                             |                1 |              4 |
|  CLK100MHZ_IBUF_BUFG | u_Task3/Yo_reg[0]_46                         |                             |                1 |              4 |
|  CLK100MHZ_IBUF_BUFG | u_Task3/Yo_reg[0]_45                         |                             |                1 |              4 |
|  CLK100MHZ_IBUF_BUFG | u_Task3/Yo_reg[0]_44                         |                             |                1 |              4 |
|  CLK100MHZ_IBUF_BUFG | u_Task3/Yo_reg[0]_43                         |                             |                1 |              4 |
|  CLK100MHZ_IBUF_BUFG | u_Task3/Yo_reg[0]_42                         |                             |                1 |              4 |
|  CLK100MHZ_IBUF_BUFG | u_Task3/Yo_reg[0]_41                         |                             |                1 |              4 |
|  CLK100MHZ_IBUF_BUFG | u_Task3/Yo_reg[0]_40                         |                             |                1 |              4 |
|  CLK100MHZ_IBUF_BUFG | u_Task3/y[7]_i_1_n_0                         | u_vga_core/vga_timing/AR[0] |                4 |              8 |
|  w_25MHz_BUFG        | u_vga_core/vga_timing/v_count                | u_vga_core/vga_timing/AR[0] |                4 |             10 |
|  CLK100MHZ_IBUF_BUFG |                                              | u_vga_core/vga_timing/AR[0] |                5 |             12 |
|  CLK100MHZ_IBUF_BUFG | u_Task3/FSM_onehot_current_state_reg_n_0_[2] | u_vga_core/vga_timing/AR[0] |               15 |             35 |
|  w_25MHz_BUFG        |                                              | u_vga_core/vga_timing/AR[0] |               39 |             52 |
+----------------------+----------------------------------------------+-----------------------------+------------------+----------------+


