
*** Running vivado
    with args -log Task2_top.vds -m64 -product Vivado -mode batch -messageDb vivado.pb -notrace -source Task2_top.tcl


****** Vivado v2019.1 (64-bit)
  **** SW Build 2552052 on Fri May 24 14:47:09 MDT 2019
  **** IP Build 2548770 on Fri May 24 18:01:18 MDT 2019
    ** Copyright 1986-2019 Xilinx, Inc. All Rights Reserved.

source Task2_top.tcl -notrace
Command: synth_design -top Task2_top -part xc7a100tcsg324-1
Starting synth_design
Attempting to get a license for feature 'Synthesis' and/or device 'xc7a100t'
INFO: [Common 17-349] Got license for feature 'Synthesis' and/or device 'xc7a100t'
INFO: [Device 21-403] Loading part xc7a100tcsg324-1
INFO: Launching helper process for spawning children vivado processes
INFO: Helper process launched with PID 291813 
---------------------------------------------------------------------------------
Starting RTL Elaboration : Time (s): cpu = 00:00:01 ; elapsed = 00:00:02 . Memory (MB): peak = 1768.289 ; gain = 154.688 ; free physical = 4454 ; free virtual = 11075
---------------------------------------------------------------------------------
INFO: [Synth 8-6157] synthesizing module 'Task2_top' [/home/cenema/Desktop/Xilinx_Projects/ChipXprt_Reda_Raid2/DSD/assiginment2/Task2/Task2.srcs/sources_1/new/Task2_top.sv:23]
INFO: [Synth 8-6157] synthesizing module 'n_clockDivider' [/home/cenema/Desktop/Xilinx_Projects/ChipXprt_Reda_Raid2/DSD/assiginment2/Task2/Task2.srcs/sources_1/imports/new/n_clockDivider.sv:23]
	Parameter n bound to: 10000 - type: integer 
INFO: [Synth 8-6157] synthesizing module 'dFlipFlop' [/home/cenema/Desktop/Xilinx_Projects/ChipXprt_Reda_Raid2/DSD/assiginment2/Task2/Task2.srcs/sources_1/imports/new/dFlipFlop.sv:23]
INFO: [Synth 8-6155] done synthesizing module 'dFlipFlop' (1#1) [/home/cenema/Desktop/Xilinx_Projects/ChipXprt_Reda_Raid2/DSD/assiginment2/Task2/Task2.srcs/sources_1/imports/new/dFlipFlop.sv:23]
INFO: [Synth 8-6157] synthesizing module 'nBits_comparator' [/home/cenema/Desktop/Xilinx_Projects/ChipXprt_Reda_Raid2/DSD/assiginment2/Task2/Task2.srcs/sources_1/imports/new/cBits_comparator.sv:41]
	Parameter n bound to: 10000 - type: integer 
INFO: [Synth 8-6155] done synthesizing module 'nBits_comparator' (2#1) [/home/cenema/Desktop/Xilinx_Projects/ChipXprt_Reda_Raid2/DSD/assiginment2/Task2/Task2.srcs/sources_1/imports/new/cBits_comparator.sv:41]
INFO: [Synth 8-6157] synthesizing module 'nBits_up_down_counter' [/home/cenema/Desktop/Xilinx_Projects/ChipXprt_Reda_Raid2/DSD/assiginment2/Task2/Task2.srcs/sources_1/imports/new/nBits_up_down_counter.sv:23]
	Parameter n bound to: 10000 - type: integer 
INFO: [Synth 8-6155] done synthesizing module 'nBits_up_down_counter' (3#1) [/home/cenema/Desktop/Xilinx_Projects/ChipXprt_Reda_Raid2/DSD/assiginment2/Task2/Task2.srcs/sources_1/imports/new/nBits_up_down_counter.sv:23]
INFO: [Synth 8-6155] done synthesizing module 'n_clockDivider' (4#1) [/home/cenema/Desktop/Xilinx_Projects/ChipXprt_Reda_Raid2/DSD/assiginment2/Task2/Task2.srcs/sources_1/imports/new/n_clockDivider.sv:23]
INFO: [Synth 8-6157] synthesizing module 'Task2_fsm' [/home/cenema/Desktop/Xilinx_Projects/ChipXprt_Reda_Raid2/DSD/assiginment2/Task2/Task2.srcs/sources_1/new/Task2_fsm.sv:3]
INFO: [Synth 8-6155] done synthesizing module 'Task2_fsm' (5#1) [/home/cenema/Desktop/Xilinx_Projects/ChipXprt_Reda_Raid2/DSD/assiginment2/Task2/Task2.srcs/sources_1/new/Task2_fsm.sv:3]
INFO: [Synth 8-6157] synthesizing module 'Task2_dp' [/home/cenema/Desktop/Xilinx_Projects/ChipXprt_Reda_Raid2/DSD/assiginment2/Task2/Task2.srcs/sources_1/new/Task2_dp.sv:34]
	Parameter xCount bound to: 160 - type: integer 
	Parameter yCount bound to: 121 - type: integer 
INFO: [Synth 8-6157] synthesizing module 'nBits_up_down_counter__parameterized0' [/home/cenema/Desktop/Xilinx_Projects/ChipXprt_Reda_Raid2/DSD/assiginment2/Task2/Task2.srcs/sources_1/imports/new/nBits_up_down_counter.sv:23]
	Parameter n bound to: 160 - type: integer 
INFO: [Synth 8-6155] done synthesizing module 'nBits_up_down_counter__parameterized0' (5#1) [/home/cenema/Desktop/Xilinx_Projects/ChipXprt_Reda_Raid2/DSD/assiginment2/Task2/Task2.srcs/sources_1/imports/new/nBits_up_down_counter.sv:23]
INFO: [Synth 8-6157] synthesizing module 'nBits_comparator__parameterized0' [/home/cenema/Desktop/Xilinx_Projects/ChipXprt_Reda_Raid2/DSD/assiginment2/Task2/Task2.srcs/sources_1/imports/new/cBits_comparator.sv:41]
	Parameter n bound to: 160 - type: integer 
INFO: [Synth 8-6155] done synthesizing module 'nBits_comparator__parameterized0' (5#1) [/home/cenema/Desktop/Xilinx_Projects/ChipXprt_Reda_Raid2/DSD/assiginment2/Task2/Task2.srcs/sources_1/imports/new/cBits_comparator.sv:41]
WARNING: [Synth 8-7023] instance 'cmpX' of module 'nBits_comparator' has 5 connections declared, but only 4 given [/home/cenema/Desktop/Xilinx_Projects/ChipXprt_Reda_Raid2/DSD/assiginment2/Task2/Task2.srcs/sources_1/new/Task2_dp.sv:73]
INFO: [Synth 8-6157] synthesizing module 'nBits_up_down_counter__parameterized1' [/home/cenema/Desktop/Xilinx_Projects/ChipXprt_Reda_Raid2/DSD/assiginment2/Task2/Task2.srcs/sources_1/imports/new/nBits_up_down_counter.sv:23]
	Parameter n bound to: 121 - type: integer 
INFO: [Synth 8-6155] done synthesizing module 'nBits_up_down_counter__parameterized1' (5#1) [/home/cenema/Desktop/Xilinx_Projects/ChipXprt_Reda_Raid2/DSD/assiginment2/Task2/Task2.srcs/sources_1/imports/new/nBits_up_down_counter.sv:23]
INFO: [Synth 8-6157] synthesizing module 'nBits_comparator__parameterized1' [/home/cenema/Desktop/Xilinx_Projects/ChipXprt_Reda_Raid2/DSD/assiginment2/Task2/Task2.srcs/sources_1/imports/new/cBits_comparator.sv:41]
	Parameter n bound to: 121 - type: integer 
INFO: [Synth 8-6155] done synthesizing module 'nBits_comparator__parameterized1' (5#1) [/home/cenema/Desktop/Xilinx_Projects/ChipXprt_Reda_Raid2/DSD/assiginment2/Task2/Task2.srcs/sources_1/imports/new/cBits_comparator.sv:41]
WARNING: [Synth 8-7023] instance 'cmpY' of module 'nBits_comparator' has 5 connections declared, but only 4 given [/home/cenema/Desktop/Xilinx_Projects/ChipXprt_Reda_Raid2/DSD/assiginment2/Task2/Task2.srcs/sources_1/new/Task2_dp.sv:75]
INFO: [Synth 8-6157] synthesizing module 'n_2x1mux' [/home/cenema/Desktop/Xilinx_Projects/ChipXprt_Reda_Raid2/DSD/assiginment2/Task2/Task2.srcs/sources_1/imports/new/n_2x1mux.sv:23]
	Parameter n bound to: 3 - type: integer 
INFO: [Synth 8-6155] done synthesizing module 'n_2x1mux' (6#1) [/home/cenema/Desktop/Xilinx_Projects/ChipXprt_Reda_Raid2/DSD/assiginment2/Task2/Task2.srcs/sources_1/imports/new/n_2x1mux.sv:23]
WARNING: [Synth 8-7023] instance 'dff1' of module 'dFlipFlop' has 5 connections declared, but only 4 given [/home/cenema/Desktop/Xilinx_Projects/ChipXprt_Reda_Raid2/DSD/assiginment2/Task2/Task2.srcs/sources_1/new/Task2_dp.sv:77]
INFO: [Synth 8-6155] done synthesizing module 'Task2_dp' (7#1) [/home/cenema/Desktop/Xilinx_Projects/ChipXprt_Reda_Raid2/DSD/assiginment2/Task2/Task2.srcs/sources_1/new/Task2_dp.sv:34]
INFO: [Synth 8-6157] synthesizing module 'vga_core' [/home/cenema/Desktop/Xilinx_Projects/ChipXprt_Reda_Raid2/DSD/assiginment2/Task2/Task2.srcs/sources_1/imports/VGA_FILES/vga_core.sv:1]
	Parameter MEM_INIT_FILE bound to: default.mem - type: string 
INFO: [Synth 8-6157] synthesizing module 'vga_controller' [/home/cenema/Desktop/Xilinx_Projects/ChipXprt_Reda_Raid2/DSD/assiginment2/Task2/Task2.srcs/sources_1/imports/VGA_FILES/vga_controller.v:21]
	Parameter HD bound to: 640 - type: integer 
	Parameter HF bound to: 48 - type: integer 
	Parameter HB bound to: 16 - type: integer 
	Parameter HR bound to: 96 - type: integer 
	Parameter HMAX bound to: 799 - type: integer 
	Parameter VD bound to: 480 - type: integer 
	Parameter VF bound to: 10 - type: integer 
	Parameter VB bound to: 33 - type: integer 
	Parameter VR bound to: 2 - type: integer 
	Parameter VMAX bound to: 524 - type: integer 
INFO: [Synth 8-6155] done synthesizing module 'vga_controller' (8#1) [/home/cenema/Desktop/Xilinx_Projects/ChipXprt_Reda_Raid2/DSD/assiginment2/Task2/Task2.srcs/sources_1/imports/VGA_FILES/vga_controller.v:21]
WARNING: [Synth 8-7023] instance 'vga_timing' of module 'vga_controller' has 8 connections declared, but only 7 given [/home/cenema/Desktop/Xilinx_Projects/ChipXprt_Reda_Raid2/DSD/assiginment2/Task2/Task2.srcs/sources_1/imports/VGA_FILES/vga_core.sv:23]
INFO: [Synth 8-6157] synthesizing module 'video_memory' [/home/cenema/Desktop/Xilinx_Projects/ChipXprt_Reda_Raid2/DSD/assiginment2/Task2/Task2.srcs/sources_1/imports/VGA_FILES/video_memory.sv:1]
INFO: [Synth 8-6155] done synthesizing module 'video_memory' (9#1) [/home/cenema/Desktop/Xilinx_Projects/ChipXprt_Reda_Raid2/DSD/assiginment2/Task2/Task2.srcs/sources_1/imports/VGA_FILES/video_memory.sv:1]
WARNING: [Synth 8-689] width (32) of port connection 'write_address' does not match port width (15) of module 'video_memory' [/home/cenema/Desktop/Xilinx_Projects/ChipXprt_Reda_Raid2/DSD/assiginment2/Task2/Task2.srcs/sources_1/imports/VGA_FILES/vga_core.sv:49]
WARNING: [Synth 8-689] width (16) of port connection 'read_address' does not match port width (15) of module 'video_memory' [/home/cenema/Desktop/Xilinx_Projects/ChipXprt_Reda_Raid2/DSD/assiginment2/Task2/Task2.srcs/sources_1/imports/VGA_FILES/vga_core.sv:50]
INFO: [Synth 8-6155] done synthesizing module 'vga_core' (10#1) [/home/cenema/Desktop/Xilinx_Projects/ChipXprt_Reda_Raid2/DSD/assiginment2/Task2/Task2.srcs/sources_1/imports/VGA_FILES/vga_core.sv:1]
INFO: [Synth 8-6155] done synthesizing module 'Task2_top' (11#1) [/home/cenema/Desktop/Xilinx_Projects/ChipXprt_Reda_Raid2/DSD/assiginment2/Task2/Task2.srcs/sources_1/new/Task2_top.sv:23]
WARNING: [Synth 8-3331] design video_memory has unconnected port resetn
---------------------------------------------------------------------------------
Finished RTL Elaboration : Time (s): cpu = 00:00:02 ; elapsed = 00:00:03 . Memory (MB): peak = 1823.039 ; gain = 209.438 ; free physical = 4399 ; free virtual = 11021
---------------------------------------------------------------------------------

Report Check Netlist: 
+------+------------------+-------+---------+-------+------------------+
|      |Item              |Errors |Warnings |Status |Description       |
+------+------------------+-------+---------+-------+------------------+
|1     |multi_driven_nets |      0|        0|Passed |Multi driven nets |
+------+------------------+-------+---------+-------+------------------+
---------------------------------------------------------------------------------
Start Handling Custom Attributes
---------------------------------------------------------------------------------
---------------------------------------------------------------------------------
Finished Handling Custom Attributes : Time (s): cpu = 00:00:02 ; elapsed = 00:00:03 . Memory (MB): peak = 1828.977 ; gain = 215.375 ; free physical = 4400 ; free virtual = 11022
---------------------------------------------------------------------------------
---------------------------------------------------------------------------------
Finished RTL Optimization Phase 1 : Time (s): cpu = 00:00:02 ; elapsed = 00:00:03 . Memory (MB): peak = 1828.977 ; gain = 215.375 ; free physical = 4400 ; free virtual = 11022
---------------------------------------------------------------------------------
INFO: [Project 1-570] Preparing netlist for logic optimization

Processing XDC Constraints
Initializing timing engine
Parsing XDC File [/home/cenema/Desktop/Xilinx_Projects/ChipXprt_Reda_Raid2/DSD/assiginment2/Task2/Task2.srcs/constrs_1/imports/M3L5.srcs/consts.xdc]
WARNING: [Vivado 12-584] No ports matched 'SW[0]'. [/home/cenema/Desktop/Xilinx_Projects/ChipXprt_Reda_Raid2/DSD/assiginment2/Task2/Task2.srcs/constrs_1/imports/M3L5.srcs/consts.xdc:13]
CRITICAL WARNING: [Common 17-55] 'set_property' expects at least one object. [/home/cenema/Desktop/Xilinx_Projects/ChipXprt_Reda_Raid2/DSD/assiginment2/Task2/Task2.srcs/constrs_1/imports/M3L5.srcs/consts.xdc:13]
Resolution: If [get_<value>] was used to populate the object, check to make sure this command returns at least one valid object.
WARNING: [Vivado 12-584] No ports matched 'SW[1]'. [/home/cenema/Desktop/Xilinx_Projects/ChipXprt_Reda_Raid2/DSD/assiginment2/Task2/Task2.srcs/constrs_1/imports/M3L5.srcs/consts.xdc:14]
CRITICAL WARNING: [Common 17-55] 'set_property' expects at least one object. [/home/cenema/Desktop/Xilinx_Projects/ChipXprt_Reda_Raid2/DSD/assiginment2/Task2/Task2.srcs/constrs_1/imports/M3L5.srcs/consts.xdc:14]
Resolution: If [get_<value>] was used to populate the object, check to make sure this command returns at least one valid object.
WARNING: [Vivado 12-584] No ports matched 'SW[2]'. [/home/cenema/Desktop/Xilinx_Projects/ChipXprt_Reda_Raid2/DSD/assiginment2/Task2/Task2.srcs/constrs_1/imports/M3L5.srcs/consts.xdc:15]
CRITICAL WARNING: [Common 17-55] 'set_property' expects at least one object. [/home/cenema/Desktop/Xilinx_Projects/ChipXprt_Reda_Raid2/DSD/assiginment2/Task2/Task2.srcs/constrs_1/imports/M3L5.srcs/consts.xdc:15]
Resolution: If [get_<value>] was used to populate the object, check to make sure this command returns at least one valid object.
WARNING: [Vivado 12-584] No ports matched 'SW[3]'. [/home/cenema/Desktop/Xilinx_Projects/ChipXprt_Reda_Raid2/DSD/assiginment2/Task2/Task2.srcs/constrs_1/imports/M3L5.srcs/consts.xdc:16]
CRITICAL WARNING: [Common 17-55] 'set_property' expects at least one object. [/home/cenema/Desktop/Xilinx_Projects/ChipXprt_Reda_Raid2/DSD/assiginment2/Task2/Task2.srcs/constrs_1/imports/M3L5.srcs/consts.xdc:16]
Resolution: If [get_<value>] was used to populate the object, check to make sure this command returns at least one valid object.
WARNING: [Vivado 12-584] No ports matched 'SW[4]'. [/home/cenema/Desktop/Xilinx_Projects/ChipXprt_Reda_Raid2/DSD/assiginment2/Task2/Task2.srcs/constrs_1/imports/M3L5.srcs/consts.xdc:17]
CRITICAL WARNING: [Common 17-55] 'set_property' expects at least one object. [/home/cenema/Desktop/Xilinx_Projects/ChipXprt_Reda_Raid2/DSD/assiginment2/Task2/Task2.srcs/constrs_1/imports/M3L5.srcs/consts.xdc:17]
Resolution: If [get_<value>] was used to populate the object, check to make sure this command returns at least one valid object.
WARNING: [Vivado 12-584] No ports matched 'SW[5]'. [/home/cenema/Desktop/Xilinx_Projects/ChipXprt_Reda_Raid2/DSD/assiginment2/Task2/Task2.srcs/constrs_1/imports/M3L5.srcs/consts.xdc:18]
CRITICAL WARNING: [Common 17-55] 'set_property' expects at least one object. [/home/cenema/Desktop/Xilinx_Projects/ChipXprt_Reda_Raid2/DSD/assiginment2/Task2/Task2.srcs/constrs_1/imports/M3L5.srcs/consts.xdc:18]
Resolution: If [get_<value>] was used to populate the object, check to make sure this command returns at least one valid object.
WARNING: [Vivado 12-584] No ports matched 'SW[6]'. [/home/cenema/Desktop/Xilinx_Projects/ChipXprt_Reda_Raid2/DSD/assiginment2/Task2/Task2.srcs/constrs_1/imports/M3L5.srcs/consts.xdc:19]
CRITICAL WARNING: [Common 17-55] 'set_property' expects at least one object. [/home/cenema/Desktop/Xilinx_Projects/ChipXprt_Reda_Raid2/DSD/assiginment2/Task2/Task2.srcs/constrs_1/imports/M3L5.srcs/consts.xdc:19]
Resolution: If [get_<value>] was used to populate the object, check to make sure this command returns at least one valid object.
WARNING: [Vivado 12-584] No ports matched 'SW[7]'. [/home/cenema/Desktop/Xilinx_Projects/ChipXprt_Reda_Raid2/DSD/assiginment2/Task2/Task2.srcs/constrs_1/imports/M3L5.srcs/consts.xdc:20]
CRITICAL WARNING: [Common 17-55] 'set_property' expects at least one object. [/home/cenema/Desktop/Xilinx_Projects/ChipXprt_Reda_Raid2/DSD/assiginment2/Task2/Task2.srcs/constrs_1/imports/M3L5.srcs/consts.xdc:20]
Resolution: If [get_<value>] was used to populate the object, check to make sure this command returns at least one valid object.
WARNING: [Vivado 12-584] No ports matched 'SW[8]'. [/home/cenema/Desktop/Xilinx_Projects/ChipXprt_Reda_Raid2/DSD/assiginment2/Task2/Task2.srcs/constrs_1/imports/M3L5.srcs/consts.xdc:21]
CRITICAL WARNING: [Common 17-55] 'set_property' expects at least one object. [/home/cenema/Desktop/Xilinx_Projects/ChipXprt_Reda_Raid2/DSD/assiginment2/Task2/Task2.srcs/constrs_1/imports/M3L5.srcs/consts.xdc:21]
Resolution: If [get_<value>] was used to populate the object, check to make sure this command returns at least one valid object.
WARNING: [Vivado 12-584] No ports matched 'SW[9]'. [/home/cenema/Desktop/Xilinx_Projects/ChipXprt_Reda_Raid2/DSD/assiginment2/Task2/Task2.srcs/constrs_1/imports/M3L5.srcs/consts.xdc:22]
CRITICAL WARNING: [Common 17-55] 'set_property' expects at least one object. [/home/cenema/Desktop/Xilinx_Projects/ChipXprt_Reda_Raid2/DSD/assiginment2/Task2/Task2.srcs/constrs_1/imports/M3L5.srcs/consts.xdc:22]
Resolution: If [get_<value>] was used to populate the object, check to make sure this command returns at least one valid object.
WARNING: [Vivado 12-584] No ports matched 'SW[10]'. [/home/cenema/Desktop/Xilinx_Projects/ChipXprt_Reda_Raid2/DSD/assiginment2/Task2/Task2.srcs/constrs_1/imports/M3L5.srcs/consts.xdc:23]
CRITICAL WARNING: [Common 17-55] 'set_property' expects at least one object. [/home/cenema/Desktop/Xilinx_Projects/ChipXprt_Reda_Raid2/DSD/assiginment2/Task2/Task2.srcs/constrs_1/imports/M3L5.srcs/consts.xdc:23]
Resolution: If [get_<value>] was used to populate the object, check to make sure this command returns at least one valid object.
WARNING: [Vivado 12-584] No ports matched 'SW[11]'. [/home/cenema/Desktop/Xilinx_Projects/ChipXprt_Reda_Raid2/DSD/assiginment2/Task2/Task2.srcs/constrs_1/imports/M3L5.srcs/consts.xdc:24]
CRITICAL WARNING: [Common 17-55] 'set_property' expects at least one object. [/home/cenema/Desktop/Xilinx_Projects/ChipXprt_Reda_Raid2/DSD/assiginment2/Task2/Task2.srcs/constrs_1/imports/M3L5.srcs/consts.xdc:24]
Resolution: If [get_<value>] was used to populate the object, check to make sure this command returns at least one valid object.
WARNING: [Vivado 12-584] No ports matched 'SW[12]'. [/home/cenema/Desktop/Xilinx_Projects/ChipXprt_Reda_Raid2/DSD/assiginment2/Task2/Task2.srcs/constrs_1/imports/M3L5.srcs/consts.xdc:25]
CRITICAL WARNING: [Common 17-55] 'set_property' expects at least one object. [/home/cenema/Desktop/Xilinx_Projects/ChipXprt_Reda_Raid2/DSD/assiginment2/Task2/Task2.srcs/constrs_1/imports/M3L5.srcs/consts.xdc:25]
Resolution: If [get_<value>] was used to populate the object, check to make sure this command returns at least one valid object.
WARNING: [Vivado 12-584] No ports matched 'SW[13]'. [/home/cenema/Desktop/Xilinx_Projects/ChipXprt_Reda_Raid2/DSD/assiginment2/Task2/Task2.srcs/constrs_1/imports/M3L5.srcs/consts.xdc:26]
CRITICAL WARNING: [Common 17-55] 'set_property' expects at least one object. [/home/cenema/Desktop/Xilinx_Projects/ChipXprt_Reda_Raid2/DSD/assiginment2/Task2/Task2.srcs/constrs_1/imports/M3L5.srcs/consts.xdc:26]
Resolution: If [get_<value>] was used to populate the object, check to make sure this command returns at least one valid object.
WARNING: [Vivado 12-584] No ports matched 'SW[14]'. [/home/cenema/Desktop/Xilinx_Projects/ChipXprt_Reda_Raid2/DSD/assiginment2/Task2/Task2.srcs/constrs_1/imports/M3L5.srcs/consts.xdc:27]
CRITICAL WARNING: [Common 17-55] 'set_property' expects at least one object. [/home/cenema/Desktop/Xilinx_Projects/ChipXprt_Reda_Raid2/DSD/assiginment2/Task2/Task2.srcs/constrs_1/imports/M3L5.srcs/consts.xdc:27]
Resolution: If [get_<value>] was used to populate the object, check to make sure this command returns at least one valid object.
WARNING: [Vivado 12-584] No ports matched 'SW[15]'. [/home/cenema/Desktop/Xilinx_Projects/ChipXprt_Reda_Raid2/DSD/assiginment2/Task2/Task2.srcs/constrs_1/imports/M3L5.srcs/consts.xdc:28]
CRITICAL WARNING: [Common 17-55] 'set_property' expects at least one object. [/home/cenema/Desktop/Xilinx_Projects/ChipXprt_Reda_Raid2/DSD/assiginment2/Task2/Task2.srcs/constrs_1/imports/M3L5.srcs/consts.xdc:28]
Resolution: If [get_<value>] was used to populate the object, check to make sure this command returns at least one valid object.
WARNING: [Vivado 12-584] No ports matched 'CA'. [/home/cenema/Desktop/Xilinx_Projects/ChipXprt_Reda_Raid2/DSD/assiginment2/Task2/Task2.srcs/constrs_1/imports/M3L5.srcs/consts.xdc:57]
CRITICAL WARNING: [Common 17-55] 'set_property' expects at least one object. [/home/cenema/Desktop/Xilinx_Projects/ChipXprt_Reda_Raid2/DSD/assiginment2/Task2/Task2.srcs/constrs_1/imports/M3L5.srcs/consts.xdc:57]
Resolution: If [get_<value>] was used to populate the object, check to make sure this command returns at least one valid object.
WARNING: [Vivado 12-584] No ports matched 'CB'. [/home/cenema/Desktop/Xilinx_Projects/ChipXprt_Reda_Raid2/DSD/assiginment2/Task2/Task2.srcs/constrs_1/imports/M3L5.srcs/consts.xdc:58]
CRITICAL WARNING: [Common 17-55] 'set_property' expects at least one object. [/home/cenema/Desktop/Xilinx_Projects/ChipXprt_Reda_Raid2/DSD/assiginment2/Task2/Task2.srcs/constrs_1/imports/M3L5.srcs/consts.xdc:58]
Resolution: If [get_<value>] was used to populate the object, check to make sure this command returns at least one valid object.
WARNING: [Vivado 12-584] No ports matched 'CC'. [/home/cenema/Desktop/Xilinx_Projects/ChipXprt_Reda_Raid2/DSD/assiginment2/Task2/Task2.srcs/constrs_1/imports/M3L5.srcs/consts.xdc:59]
CRITICAL WARNING: [Common 17-55] 'set_property' expects at least one object. [/home/cenema/Desktop/Xilinx_Projects/ChipXprt_Reda_Raid2/DSD/assiginment2/Task2/Task2.srcs/constrs_1/imports/M3L5.srcs/consts.xdc:59]
Resolution: If [get_<value>] was used to populate the object, check to make sure this command returns at least one valid object.
WARNING: [Vivado 12-584] No ports matched 'CD'. [/home/cenema/Desktop/Xilinx_Projects/ChipXprt_Reda_Raid2/DSD/assiginment2/Task2/Task2.srcs/constrs_1/imports/M3L5.srcs/consts.xdc:60]
CRITICAL WARNING: [Common 17-55] 'set_property' expects at least one object. [/home/cenema/Desktop/Xilinx_Projects/ChipXprt_Reda_Raid2/DSD/assiginment2/Task2/Task2.srcs/constrs_1/imports/M3L5.srcs/consts.xdc:60]
Resolution: If [get_<value>] was used to populate the object, check to make sure this command returns at least one valid object.
WARNING: [Vivado 12-584] No ports matched 'CE'. [/home/cenema/Desktop/Xilinx_Projects/ChipXprt_Reda_Raid2/DSD/assiginment2/Task2/Task2.srcs/constrs_1/imports/M3L5.srcs/consts.xdc:61]
CRITICAL WARNING: [Common 17-55] 'set_property' expects at least one object. [/home/cenema/Desktop/Xilinx_Projects/ChipXprt_Reda_Raid2/DSD/assiginment2/Task2/Task2.srcs/constrs_1/imports/M3L5.srcs/consts.xdc:61]
Resolution: If [get_<value>] was used to populate the object, check to make sure this command returns at least one valid object.
WARNING: [Vivado 12-584] No ports matched 'CF'. [/home/cenema/Desktop/Xilinx_Projects/ChipXprt_Reda_Raid2/DSD/assiginment2/Task2/Task2.srcs/constrs_1/imports/M3L5.srcs/consts.xdc:62]
CRITICAL WARNING: [Common 17-55] 'set_property' expects at least one object. [/home/cenema/Desktop/Xilinx_Projects/ChipXprt_Reda_Raid2/DSD/assiginment2/Task2/Task2.srcs/constrs_1/imports/M3L5.srcs/consts.xdc:62]
Resolution: If [get_<value>] was used to populate the object, check to make sure this command returns at least one valid object.
WARNING: [Vivado 12-584] No ports matched 'CG'. [/home/cenema/Desktop/Xilinx_Projects/ChipXprt_Reda_Raid2/DSD/assiginment2/Task2/Task2.srcs/constrs_1/imports/M3L5.srcs/consts.xdc:63]
CRITICAL WARNING: [Common 17-55] 'set_property' expects at least one object. [/home/cenema/Desktop/Xilinx_Projects/ChipXprt_Reda_Raid2/DSD/assiginment2/Task2/Task2.srcs/constrs_1/imports/M3L5.srcs/consts.xdc:63]
Resolution: If [get_<value>] was used to populate the object, check to make sure this command returns at least one valid object.
WARNING: [Vivado 12-584] No ports matched 'DP'. [/home/cenema/Desktop/Xilinx_Projects/ChipXprt_Reda_Raid2/DSD/assiginment2/Task2/Task2.srcs/constrs_1/imports/M3L5.srcs/consts.xdc:64]
CRITICAL WARNING: [Common 17-55] 'set_property' expects at least one object. [/home/cenema/Desktop/Xilinx_Projects/ChipXprt_Reda_Raid2/DSD/assiginment2/Task2/Task2.srcs/constrs_1/imports/M3L5.srcs/consts.xdc:64]
Resolution: If [get_<value>] was used to populate the object, check to make sure this command returns at least one valid object.
WARNING: [Vivado 12-584] No ports matched 'AN[0]'. [/home/cenema/Desktop/Xilinx_Projects/ChipXprt_Reda_Raid2/DSD/assiginment2/Task2/Task2.srcs/constrs_1/imports/M3L5.srcs/consts.xdc:65]
CRITICAL WARNING: [Common 17-55] 'set_property' expects at least one object. [/home/cenema/Desktop/Xilinx_Projects/ChipXprt_Reda_Raid2/DSD/assiginment2/Task2/Task2.srcs/constrs_1/imports/M3L5.srcs/consts.xdc:65]
Resolution: If [get_<value>] was used to populate the object, check to make sure this command returns at least one valid object.
WARNING: [Vivado 12-584] No ports matched 'AN[1]'. [/home/cenema/Desktop/Xilinx_Projects/ChipXprt_Reda_Raid2/DSD/assiginment2/Task2/Task2.srcs/constrs_1/imports/M3L5.srcs/consts.xdc:66]
CRITICAL WARNING: [Common 17-55] 'set_property' expects at least one object. [/home/cenema/Desktop/Xilinx_Projects/ChipXprt_Reda_Raid2/DSD/assiginment2/Task2/Task2.srcs/constrs_1/imports/M3L5.srcs/consts.xdc:66]
Resolution: If [get_<value>] was used to populate the object, check to make sure this command returns at least one valid object.
WARNING: [Vivado 12-584] No ports matched 'AN[2]'. [/home/cenema/Desktop/Xilinx_Projects/ChipXprt_Reda_Raid2/DSD/assiginment2/Task2/Task2.srcs/constrs_1/imports/M3L5.srcs/consts.xdc:67]
CRITICAL WARNING: [Common 17-55] 'set_property' expects at least one object. [/home/cenema/Desktop/Xilinx_Projects/ChipXprt_Reda_Raid2/DSD/assiginment2/Task2/Task2.srcs/constrs_1/imports/M3L5.srcs/consts.xdc:67]
Resolution: If [get_<value>] was used to populate the object, check to make sure this command returns at least one valid object.
WARNING: [Vivado 12-584] No ports matched 'AN[3]'. [/home/cenema/Desktop/Xilinx_Projects/ChipXprt_Reda_Raid2/DSD/assiginment2/Task2/Task2.srcs/constrs_1/imports/M3L5.srcs/consts.xdc:68]
CRITICAL WARNING: [Common 17-55] 'set_property' expects at least one object. [/home/cenema/Desktop/Xilinx_Projects/ChipXprt_Reda_Raid2/DSD/assiginment2/Task2/Task2.srcs/constrs_1/imports/M3L5.srcs/consts.xdc:68]
Resolution: If [get_<value>] was used to populate the object, check to make sure this command returns at least one valid object.
WARNING: [Vivado 12-584] No ports matched 'AN[4]'. [/home/cenema/Desktop/Xilinx_Projects/ChipXprt_Reda_Raid2/DSD/assiginment2/Task2/Task2.srcs/constrs_1/imports/M3L5.srcs/consts.xdc:69]
CRITICAL WARNING: [Common 17-55] 'set_property' expects at least one object. [/home/cenema/Desktop/Xilinx_Projects/ChipXprt_Reda_Raid2/DSD/assiginment2/Task2/Task2.srcs/constrs_1/imports/M3L5.srcs/consts.xdc:69]
Resolution: If [get_<value>] was used to populate the object, check to make sure this command returns at least one valid object.
WARNING: [Vivado 12-584] No ports matched 'AN[5]'. [/home/cenema/Desktop/Xilinx_Projects/ChipXprt_Reda_Raid2/DSD/assiginment2/Task2/Task2.srcs/constrs_1/imports/M3L5.srcs/consts.xdc:70]
CRITICAL WARNING: [Common 17-55] 'set_property' expects at least one object. [/home/cenema/Desktop/Xilinx_Projects/ChipXprt_Reda_Raid2/DSD/assiginment2/Task2/Task2.srcs/constrs_1/imports/M3L5.srcs/consts.xdc:70]
Resolution: If [get_<value>] was used to populate the object, check to make sure this command returns at least one valid object.
WARNING: [Vivado 12-584] No ports matched 'AN[6]'. [/home/cenema/Desktop/Xilinx_Projects/ChipXprt_Reda_Raid2/DSD/assiginment2/Task2/Task2.srcs/constrs_1/imports/M3L5.srcs/consts.xdc:71]
CRITICAL WARNING: [Common 17-55] 'set_property' expects at least one object. [/home/cenema/Desktop/Xilinx_Projects/ChipXprt_Reda_Raid2/DSD/assiginment2/Task2/Task2.srcs/constrs_1/imports/M3L5.srcs/consts.xdc:71]
Resolution: If [get_<value>] was used to populate the object, check to make sure this command returns at least one valid object.
WARNING: [Vivado 12-584] No ports matched 'AN[7]'. [/home/cenema/Desktop/Xilinx_Projects/ChipXprt_Reda_Raid2/DSD/assiginment2/Task2/Task2.srcs/constrs_1/imports/M3L5.srcs/consts.xdc:72]
CRITICAL WARNING: [Common 17-55] 'set_property' expects at least one object. [/home/cenema/Desktop/Xilinx_Projects/ChipXprt_Reda_Raid2/DSD/assiginment2/Task2/Task2.srcs/constrs_1/imports/M3L5.srcs/consts.xdc:72]
Resolution: If [get_<value>] was used to populate the object, check to make sure this command returns at least one valid object.
Finished Parsing XDC File [/home/cenema/Desktop/Xilinx_Projects/ChipXprt_Reda_Raid2/DSD/assiginment2/Task2/Task2.srcs/constrs_1/imports/M3L5.srcs/consts.xdc]
INFO: [Project 1-236] Implementation specific constraints were found while reading constraint file [/home/cenema/Desktop/Xilinx_Projects/ChipXprt_Reda_Raid2/DSD/assiginment2/Task2/Task2.srcs/constrs_1/imports/M3L5.srcs/consts.xdc]. These constraints will be ignored for synthesis but will be used in implementation. Impacted constraints are listed in the file [.Xil/Task2_top_propImpl.xdc].
Resolution: To avoid this warning, move constraints listed in [.Xil/Task2_top_propImpl.xdc] to another XDC file and exclude this new file from synthesis with the used_in_synthesis property (File Properties dialog in GUI) and re-run elaboration/synthesis.
Completed Processing XDC Constraints

Netlist sorting complete. Time (s): cpu = 00:00:00 ; elapsed = 00:00:00 . Memory (MB): peak = 2004.664 ; gain = 0.000 ; free physical = 4337 ; free virtual = 10958
INFO: [Project 1-111] Unisim Transformation Summary:
No Unisim elements were transformed.

Constraint Validation Runtime : Time (s): cpu = 00:00:00 ; elapsed = 00:00:00 . Memory (MB): peak = 2004.664 ; gain = 0.000 ; free physical = 4337 ; free virtual = 10958
---------------------------------------------------------------------------------
Finished Constraint Validation : Time (s): cpu = 00:00:05 ; elapsed = 00:00:06 . Memory (MB): peak = 2004.664 ; gain = 391.062 ; free physical = 4350 ; free virtual = 10972
---------------------------------------------------------------------------------
---------------------------------------------------------------------------------
Start Loading Part and Timing Information
---------------------------------------------------------------------------------
Loading part: xc7a100tcsg324-1
---------------------------------------------------------------------------------
Finished Loading Part and Timing Information : Time (s): cpu = 00:00:05 ; elapsed = 00:00:06 . Memory (MB): peak = 2004.664 ; gain = 391.062 ; free physical = 4350 ; free virtual = 10972
---------------------------------------------------------------------------------
---------------------------------------------------------------------------------
Start Applying 'set_property' XDC Constraints
---------------------------------------------------------------------------------
---------------------------------------------------------------------------------
Finished applying 'set_property' XDC Constraints : Time (s): cpu = 00:00:05 ; elapsed = 00:00:06 . Memory (MB): peak = 2004.664 ; gain = 391.062 ; free physical = 4352 ; free virtual = 10974
---------------------------------------------------------------------------------
INFO: [Synth 8-5818] HDL ADVISOR - The operator resource <adder> is shared. To prevent sharing consider applying a KEEP on the output of the operator [/home/cenema/Desktop/Xilinx_Projects/ChipXprt_Reda_Raid2/DSD/assiginment2/Task2/Task2.srcs/sources_1/imports/new/nBits_up_down_counter.sv:33]
INFO: [Synth 8-802] inferred FSM for state register 'current_state_reg' in module 'Task2_fsm'
INFO: [Synth 8-5818] HDL ADVISOR - The operator resource <adder> is shared. To prevent sharing consider applying a KEEP on the output of the operator [/home/cenema/Desktop/Xilinx_Projects/ChipXprt_Reda_Raid2/DSD/assiginment2/Task2/Task2.srcs/sources_1/imports/new/nBits_up_down_counter.sv:33]
INFO: [Synth 8-5818] HDL ADVISOR - The operator resource <adder> is shared. To prevent sharing consider applying a KEEP on the output of the operator [/home/cenema/Desktop/Xilinx_Projects/ChipXprt_Reda_Raid2/DSD/assiginment2/Task2/Task2.srcs/sources_1/imports/new/nBits_up_down_counter.sv:33]
---------------------------------------------------------------------------------------------------
                   State |                     New Encoding |                Previous Encoding 
---------------------------------------------------------------------------------------------------
                    IDLE |                               00 |                               00
                   COLOR |                               01 |                               01
                   BLACK |                               10 |                               10
---------------------------------------------------------------------------------------------------
INFO: [Synth 8-3354] encoded FSM with state register 'current_state_reg' using encoding 'sequential' in module 'Task2_fsm'
---------------------------------------------------------------------------------
Finished RTL Optimization Phase 2 : Time (s): cpu = 00:00:05 ; elapsed = 00:00:07 . Memory (MB): peak = 2004.664 ; gain = 391.062 ; free physical = 4352 ; free virtual = 10974
---------------------------------------------------------------------------------

Report RTL Partitions: 
+-+--------------+------------+----------+
| |RTL Partition |Replication |Instances |
+-+--------------+------------+----------+
+-+--------------+------------+----------+
---------------------------------------------------------------------------------
Start RTL Component Statistics 
---------------------------------------------------------------------------------
Detailed RTL Component Info : 
+---Adders : 
	   2 Input     10 Bit       Adders := 2     
	   2 Input      8 Bit       Adders := 1     
	   2 Input      7 Bit       Adders := 1     
	   2 Input      2 Bit       Adders := 1     
+---Registers : 
	               10 Bit    Registers := 4     
	                8 Bit    Registers := 1     
	                7 Bit    Registers := 1     
	                2 Bit    Registers := 1     
	                1 Bit    Registers := 10    
+---Muxes : 
	   2 Input      4 Bit        Muxes := 3     
	   2 Input      3 Bit        Muxes := 1     
	   3 Input      2 Bit        Muxes := 2     
	   2 Input      2 Bit        Muxes := 6     
	   3 Input      1 Bit        Muxes := 2     
	   2 Input      1 Bit        Muxes := 4     
---------------------------------------------------------------------------------
Finished RTL Component Statistics 
---------------------------------------------------------------------------------
---------------------------------------------------------------------------------
Start RTL Hierarchical Component Statistics 
---------------------------------------------------------------------------------
Hierarchical RTL Component report 
Module dFlipFlop 
Detailed RTL Component Info : 
+---Registers : 
	                1 Bit    Registers := 1     
Module nBits_comparator 
Detailed RTL Component Info : 
+---Registers : 
	                1 Bit    Registers := 2     
Module Task2_fsm 
Detailed RTL Component Info : 
+---Muxes : 
	   3 Input      2 Bit        Muxes := 2     
	   2 Input      2 Bit        Muxes := 4     
	   3 Input      1 Bit        Muxes := 2     
Module nBits_up_down_counter__parameterized0 
Detailed RTL Component Info : 
+---Adders : 
	   2 Input      8 Bit       Adders := 1     
+---Registers : 
	                8 Bit    Registers := 1     
+---Muxes : 
	   2 Input      2 Bit        Muxes := 1     
Module nBits_comparator__parameterized0 
Detailed RTL Component Info : 
+---Registers : 
	                1 Bit    Registers := 2     
+---Muxes : 
	   2 Input      1 Bit        Muxes := 2     
Module nBits_up_down_counter__parameterized1 
Detailed RTL Component Info : 
+---Adders : 
	   2 Input      7 Bit       Adders := 1     
+---Registers : 
	                7 Bit    Registers := 1     
+---Muxes : 
	   2 Input      2 Bit        Muxes := 1     
Module nBits_comparator__parameterized1 
Detailed RTL Component Info : 
+---Registers : 
	                1 Bit    Registers := 2     
+---Muxes : 
	   2 Input      1 Bit        Muxes := 2     
Module n_2x1mux 
Detailed RTL Component Info : 
+---Muxes : 
	   2 Input      3 Bit        Muxes := 1     
Module vga_controller 
Detailed RTL Component Info : 
+---Adders : 
	   2 Input     10 Bit       Adders := 2     
	   2 Input      2 Bit       Adders := 1     
+---Registers : 
	               10 Bit    Registers := 4     
	                2 Bit    Registers := 1     
	                1 Bit    Registers := 2     
Module vga_core 
Detailed RTL Component Info : 
+---Muxes : 
	   2 Input      4 Bit        Muxes := 3     
---------------------------------------------------------------------------------
Finished RTL Hierarchical Component Statistics
---------------------------------------------------------------------------------
---------------------------------------------------------------------------------
Start Part Resource Summary
---------------------------------------------------------------------------------
Part Resources:
DSPs: 240 (col length:80)
BRAMs: 270 (col length: RAMB18 80 RAMB36 40)
---------------------------------------------------------------------------------
Finished Part Resource Summary
---------------------------------------------------------------------------------
---------------------------------------------------------------------------------
Start Cross Boundary and Area Optimization
---------------------------------------------------------------------------------
Warning: Parallel synthesis criteria is not met 
WARNING: [Synth 8-3917] design Task2_top has port LED[2] driven by constant 0
---------------------------------------------------------------------------------
Finished Cross Boundary and Area Optimization : Time (s): cpu = 00:00:07 ; elapsed = 00:00:08 . Memory (MB): peak = 2004.664 ; gain = 391.062 ; free physical = 4370 ; free virtual = 10994
---------------------------------------------------------------------------------
---------------------------------------------------------------------------------
Start ROM, RAM, DSP and Shift Register Reporting
---------------------------------------------------------------------------------

Distributed RAM: Preliminary Mapping  Report (see note below)
+------------+-------------------------+-----------+----------------------+----------------+
|Module Name | RTL Object              | Inference | Size (Depth x Width) | Primitives     | 
+------------+-------------------------+-----------+----------------------+----------------+
|Task2_top   | core1/video_mem/ram_reg | Implied   | 32 K x 3             | RAM64M x 300   | 
+------------+-------------------------+-----------+----------------------+----------------+

Note: The table above is a preliminary report that shows the Distributed RAMs at the current stage of the synthesis flow. Some Distributed RAMs may be reimplemented as non Distributed RAM primitives later in the synthesis flow. Multiple instantiated RAMs are reported only once.
---------------------------------------------------------------------------------
Finished ROM, RAM, DSP and Shift Register Reporting
---------------------------------------------------------------------------------

Report RTL Partitions: 
+-+--------------+------------+----------+
| |RTL Partition |Replication |Instances |
+-+--------------+------------+----------+
+-+--------------+------------+----------+
---------------------------------------------------------------------------------
Start Applying XDC Timing Constraints
---------------------------------------------------------------------------------
---------------------------------------------------------------------------------
Finished Applying XDC Timing Constraints : Time (s): cpu = 00:00:10 ; elapsed = 00:00:12 . Memory (MB): peak = 2004.664 ; gain = 391.062 ; free physical = 4308 ; free virtual = 10919
---------------------------------------------------------------------------------
---------------------------------------------------------------------------------
Start Timing Optimization
---------------------------------------------------------------------------------
---------------------------------------------------------------------------------
Finished Timing Optimization : Time (s): cpu = 00:00:11 ; elapsed = 00:00:12 . Memory (MB): peak = 2004.664 ; gain = 391.062 ; free physical = 4298 ; free virtual = 10910
---------------------------------------------------------------------------------
---------------------------------------------------------------------------------
Start ROM, RAM, DSP and Shift Register Reporting
---------------------------------------------------------------------------------

Distributed RAM: Final Mapping  Report
+------------+-------------------------+-----------+----------------------+----------------+
|Module Name | RTL Object              | Inference | Size (Depth x Width) | Primitives     | 
+------------+-------------------------+-----------+----------------------+----------------+
|Task2_top   | core1/video_mem/ram_reg | Implied   | 32 K x 3             | RAM64M x 300   | 
+------------+-------------------------+-----------+----------------------+----------------+

---------------------------------------------------------------------------------
Finished ROM, RAM, DSP and Shift Register Reporting
---------------------------------------------------------------------------------

Report RTL Partitions: 
+-+--------------+------------+----------+
| |RTL Partition |Replication |Instances |
+-+--------------+------------+----------+
+-+--------------+------------+----------+
---------------------------------------------------------------------------------
Start Technology Mapping
---------------------------------------------------------------------------------
---------------------------------------------------------------------------------
Finished Technology Mapping : Time (s): cpu = 00:00:11 ; elapsed = 00:00:13 . Memory (MB): peak = 2004.664 ; gain = 391.062 ; free physical = 4299 ; free virtual = 10910
---------------------------------------------------------------------------------

Report RTL Partitions: 
+-+--------------+------------+----------+
| |RTL Partition |Replication |Instances |
+-+--------------+------------+----------+
+-+--------------+------------+----------+
---------------------------------------------------------------------------------
Start IO Insertion
---------------------------------------------------------------------------------
---------------------------------------------------------------------------------
Start Flattening Before IO Insertion
---------------------------------------------------------------------------------
---------------------------------------------------------------------------------
Finished Flattening Before IO Insertion
---------------------------------------------------------------------------------
---------------------------------------------------------------------------------
Start Final Netlist Cleanup
---------------------------------------------------------------------------------
---------------------------------------------------------------------------------
Finished Final Netlist Cleanup
---------------------------------------------------------------------------------
---------------------------------------------------------------------------------
Finished IO Insertion : Time (s): cpu = 00:00:12 ; elapsed = 00:00:13 . Memory (MB): peak = 2004.664 ; gain = 391.062 ; free physical = 4306 ; free virtual = 10917
---------------------------------------------------------------------------------

Report Check Netlist: 
+------+------------------+-------+---------+-------+------------------+
|      |Item              |Errors |Warnings |Status |Description       |
+------+------------------+-------+---------+-------+------------------+
|1     |multi_driven_nets |      0|        0|Passed |Multi driven nets |
+------+------------------+-------+---------+-------+------------------+
---------------------------------------------------------------------------------
Start Renaming Generated Instances
---------------------------------------------------------------------------------
---------------------------------------------------------------------------------
Finished Renaming Generated Instances : Time (s): cpu = 00:00:12 ; elapsed = 00:00:13 . Memory (MB): peak = 2004.664 ; gain = 391.062 ; free physical = 4306 ; free virtual = 10917
---------------------------------------------------------------------------------

Report RTL Partitions: 
+-+--------------+------------+----------+
| |RTL Partition |Replication |Instances |
+-+--------------+------------+----------+
+-+--------------+------------+----------+
---------------------------------------------------------------------------------
Start Rebuilding User Hierarchy
---------------------------------------------------------------------------------
---------------------------------------------------------------------------------
Finished Rebuilding User Hierarchy : Time (s): cpu = 00:00:12 ; elapsed = 00:00:14 . Memory (MB): peak = 2004.664 ; gain = 391.062 ; free physical = 4306 ; free virtual = 10917
---------------------------------------------------------------------------------
---------------------------------------------------------------------------------
Start Renaming Generated Ports
---------------------------------------------------------------------------------
---------------------------------------------------------------------------------
Finished Renaming Generated Ports : Time (s): cpu = 00:00:12 ; elapsed = 00:00:14 . Memory (MB): peak = 2004.664 ; gain = 391.062 ; free physical = 4306 ; free virtual = 10917
---------------------------------------------------------------------------------
---------------------------------------------------------------------------------
Start Handling Custom Attributes
---------------------------------------------------------------------------------
---------------------------------------------------------------------------------
Finished Handling Custom Attributes : Time (s): cpu = 00:00:12 ; elapsed = 00:00:14 . Memory (MB): peak = 2004.664 ; gain = 391.062 ; free physical = 4306 ; free virtual = 10917
---------------------------------------------------------------------------------
---------------------------------------------------------------------------------
Start Renaming Generated Nets
---------------------------------------------------------------------------------
---------------------------------------------------------------------------------
Finished Renaming Generated Nets : Time (s): cpu = 00:00:12 ; elapsed = 00:00:14 . Memory (MB): peak = 2004.664 ; gain = 391.062 ; free physical = 4306 ; free virtual = 10917
---------------------------------------------------------------------------------
---------------------------------------------------------------------------------
Start Writing Synthesis Report
---------------------------------------------------------------------------------

Report BlackBoxes: 
+-+--------------+----------+
| |BlackBox name |Instances |
+-+--------------+----------+
+-+--------------+----------+

Report Cell Usage: 
+------+-------+------+
|      |Cell   |Count |
+------+-------+------+
|1     |BUFG   |     1|
|2     |CARRY4 |    16|
|3     |LUT1   |     9|
|4     |LUT2   |    83|
|5     |LUT3   |    24|
|6     |LUT4   |    36|
|7     |LUT5   |    18|
|8     |LUT6   |   561|
|9     |MUXF7  |   114|
|10    |MUXF8  |    51|
|11    |RAM64M |   300|
|12    |FDCE   |   114|
|13    |IBUF   |     4|
|14    |OBUF   |    17|
+------+-------+------+

Report Instance Areas: 
+------+---------------+--------------------------------------+------+
|      |Instance       |Module                                |Cells |
+------+---------------+--------------------------------------+------+
|1     |top            |                                      |  1348|
|2     |  clkd1        |n_clockDivider                        |    28|
|3     |    comp1      |nBits_comparator                      |     3|
|4     |    dff1       |dFlipFlop_0                           |     2|
|5     |    nbc1       |nBits_up_down_counter                 |    23|
|6     |  core1        |vga_core                              |   902|
|7     |    vga_timing |vga_controller                        |   122|
|8     |    video_mem  |video_memory                          |   749|
|9     |  dp1          |Task2_dp                              |   374|
|10    |    cmpX       |nBits_comparator__parameterized0      |     2|
|11    |    cmpY       |nBits_comparator__parameterized1      |     2|
|12    |    dff1       |dFlipFlop                             |     1|
|13    |    upCntr1    |nBits_up_down_counter__parameterized0 |    18|
|14    |    upCntr2    |nBits_up_down_counter__parameterized1 |   351|
|15    |  fsm1         |Task2_fsm                             |    22|
+------+---------------+--------------------------------------+------+
---------------------------------------------------------------------------------
Finished Writing Synthesis Report : Time (s): cpu = 00:00:12 ; elapsed = 00:00:14 . Memory (MB): peak = 2004.664 ; gain = 391.062 ; free physical = 4306 ; free virtual = 10917
---------------------------------------------------------------------------------
Synthesis finished with 0 errors, 0 critical warnings and 1 warnings.
Synthesis Optimization Runtime : Time (s): cpu = 00:00:11 ; elapsed = 00:00:12 . Memory (MB): peak = 2004.664 ; gain = 215.375 ; free physical = 4306 ; free virtual = 10917
Synthesis Optimization Complete : Time (s): cpu = 00:00:12 ; elapsed = 00:00:14 . Memory (MB): peak = 2004.664 ; gain = 391.062 ; free physical = 4320 ; free virtual = 10931
INFO: [Project 1-571] Translating synthesized netlist
INFO: [Netlist 29-17] Analyzing 481 Unisim elements for replacement
INFO: [Netlist 29-28] Unisim Transformation completed in 0 CPU seconds
INFO: [Project 1-570] Preparing netlist for logic optimization
INFO: [Opt 31-138] Pushed 0 inverter(s) to 0 load pin(s).
Netlist sorting complete. Time (s): cpu = 00:00:00 ; elapsed = 00:00:00 . Memory (MB): peak = 2007.633 ; gain = 0.000 ; free physical = 4288 ; free virtual = 10899
INFO: [Project 1-111] Unisim Transformation Summary:
  A total of 300 instances were transformed.
  RAM64M => RAM64M (RAMD64E, RAMD64E, RAMD64E, RAMD64E): 300 instances

INFO: [Common 17-83] Releasing license: Synthesis
47 Infos, 40 Warnings, 32 Critical Warnings and 0 Errors encountered.
synth_design completed successfully
synth_design: Time (s): cpu = 00:00:15 ; elapsed = 00:00:16 . Memory (MB): peak = 2007.633 ; gain = 632.945 ; free physical = 4347 ; free virtual = 10958
Netlist sorting complete. Time (s): cpu = 00:00:00 ; elapsed = 00:00:00 . Memory (MB): peak = 2007.633 ; gain = 0.000 ; free physical = 4347 ; free virtual = 10958
WARNING: [Constraints 18-5210] No constraints selected for write.
Resolution: This message can indicate that there are no constraints for the design, or it can indicate that the used_in flags are set such that the constraints are ignored. This later case is used when running synth_design to not write synthesis constraints to the resulting checkpoint. Instead, project constraints are read when the synthesized design is opened.
INFO: [Common 17-1381] The checkpoint '/home/cenema/Desktop/Xilinx_Projects/ChipXprt_Reda_Raid2/DSD/assiginment2/Task2/Task2.runs/synth_1/Task2_top.dcp' has been generated.
INFO: [runtcl-4] Executing : report_utilization -file Task2_top_utilization_synth.rpt -pb Task2_top_utilization_synth.pb
INFO: [Common 17-206] Exiting Vivado at Sun Dec  8 06:04:22 2024...
