
*** Running vivado
    with args -log Task3_top.vds -m64 -product Vivado -mode batch -messageDb vivado.pb -notrace -source Task3_top.tcl


****** Vivado v2019.1 (64-bit)
  **** SW Build 2552052 on Fri May 24 14:47:09 MDT 2019
  **** IP Build 2548770 on Fri May 24 18:01:18 MDT 2019
    ** Copyright 1986-2019 Xilinx, Inc. All Rights Reserved.

source Task3_top.tcl -notrace
Command: synth_design -top Task3_top -part xc7a100tcsg324-1
Starting synth_design
Attempting to get a license for feature 'Synthesis' and/or device 'xc7a100t'
INFO: [Common 17-349] Got license for feature 'Synthesis' and/or device 'xc7a100t'
INFO: [Device 21-403] Loading part xc7a100tcsg324-1
INFO: Launching helper process for spawning children vivado processes
INFO: Helper process launched with PID 289160 
---------------------------------------------------------------------------------
Starting RTL Elaboration : Time (s): cpu = 00:00:01 ; elapsed = 00:00:02 . Memory (MB): peak = 1777.688 ; gain = 154.688 ; free physical = 21370 ; free virtual = 34612
---------------------------------------------------------------------------------
INFO: [Synth 8-6157] synthesizing module 'Task3_top' [/home/it/chipxprt/Reda_raid/DSD/assignment2/Task3/Task2.srcs/sources_1/new/Task3_top.sv:21]
INFO: [Synth 8-6157] synthesizing module 'Task3' [/home/it/chipxprt/Reda_raid/DSD/assignment2/Task3/Task2.srcs/sources_1/new/Task2.sv:22]
	Parameter n bound to: 8 - type: integer 
INFO: [Synth 8-155] case statement is not full and has no default [/home/it/chipxprt/Reda_raid/DSD/assignment2/Task3/Task2.srcs/sources_1/new/Task2.sv:108]
WARNING: [Synth 8-6014] Unused sequential element d_reg was removed.  [/home/it/chipxprt/Reda_raid/DSD/assignment2/Task3/Task2.srcs/sources_1/new/Task2.sv:89]
WARNING: [Synth 8-6014] Unused sequential element d_reg was removed.  [/home/it/chipxprt/Reda_raid/DSD/assignment2/Task3/Task2.srcs/sources_1/new/Task2.sv:132]
INFO: [Synth 8-6155] done synthesizing module 'Task3' (1#1) [/home/it/chipxprt/Reda_raid/DSD/assignment2/Task3/Task2.srcs/sources_1/new/Task2.sv:22]
INFO: [Synth 8-6157] synthesizing module 'vga_core' [/home/it/chipxprt/Reda_raid/DSD/assignment2/vga-core/vga_core.sv:1]
	Parameter MEM_INIT_FILE bound to: default.mem - type: string 
INFO: [Synth 8-6157] synthesizing module 'vga_controller' [/home/it/chipxprt/Reda_raid/DSD/assignment2/vga-core/vga_controller.v:3]
	Parameter HD bound to: 640 - type: integer 
	Parameter HF bound to: 48 - type: integer 
	Parameter HB bound to: 16 - type: integer 
	Parameter HR bound to: 96 - type: integer 
	Parameter HMAX bound to: 799 - type: integer 
	Parameter VD bound to: 480 - type: integer 
	Parameter VF bound to: 10 - type: integer 
	Parameter VB bound to: 33 - type: integer 
	Parameter VR bound to: 2 - type: integer 
	Parameter VMAX bound to: 524 - type: integer 
	Parameter X_SCALE bound to: 4 - type: integer 
	Parameter Y_SCALE bound to: 4 - type: integer 
INFO: [Synth 8-6155] done synthesizing module 'vga_controller' (2#1) [/home/it/chipxprt/Reda_raid/DSD/assignment2/vga-core/vga_controller.v:3]
WARNING: [Synth 8-689] width (8) of port connection 'x' does not match port width (10) of module 'vga_controller' [/home/it/chipxprt/Reda_raid/DSD/assignment2/vga-core/vga_core.sv:27]
WARNING: [Synth 8-689] width (7) of port connection 'y' does not match port width (10) of module 'vga_controller' [/home/it/chipxprt/Reda_raid/DSD/assignment2/vga-core/vga_core.sv:28]
WARNING: [Synth 8-7023] instance 'vga_timing' of module 'vga_controller' has 8 connections declared, but only 7 given [/home/it/chipxprt/Reda_raid/DSD/assignment2/vga-core/vga_core.sv:21]
INFO: [Synth 8-6157] synthesizing module 'video_memory' [/home/it/chipxprt/Reda_raid/DSD/assignment2/vga-core/video_memory.sv:1]
	Parameter MEM_INIT_FILE bound to: default.mem - type: string 
INFO: [Synth 8-6155] done synthesizing module 'video_memory' (3#1) [/home/it/chipxprt/Reda_raid/DSD/assignment2/vga-core/video_memory.sv:1]
WARNING: [Synth 8-689] width (32) of port connection 'write_address' does not match port width (16) of module 'video_memory' [/home/it/chipxprt/Reda_raid/DSD/assignment2/vga-core/vga_core.sv:39]
WARNING: [Synth 8-689] width (32) of port connection 'read_address' does not match port width (16) of module 'video_memory' [/home/it/chipxprt/Reda_raid/DSD/assignment2/vga-core/vga_core.sv:40]
INFO: [Synth 8-6155] done synthesizing module 'vga_core' (4#1) [/home/it/chipxprt/Reda_raid/DSD/assignment2/vga-core/vga_core.sv:1]
INFO: [Synth 8-6155] done synthesizing module 'Task3_top' (5#1) [/home/it/chipxprt/Reda_raid/DSD/assignment2/Task3/Task2.srcs/sources_1/new/Task3_top.sv:21]
WARNING: [Synth 8-3331] design video_memory has unconnected port resetn
WARNING: [Synth 8-3331] design video_memory has unconnected port write_address[15]
WARNING: [Synth 8-3331] design video_memory has unconnected port read_address[15]
WARNING: [Synth 8-3331] design Task3 has unconnected port Yc[7]
---------------------------------------------------------------------------------
Finished RTL Elaboration : Time (s): cpu = 00:00:02 ; elapsed = 00:00:02 . Memory (MB): peak = 1830.438 ; gain = 207.438 ; free physical = 21367 ; free virtual = 34609
---------------------------------------------------------------------------------

Report Check Netlist: 
+------+------------------+-------+---------+-------+------------------+
|      |Item              |Errors |Warnings |Status |Description       |
+------+------------------+-------+---------+-------+------------------+
|1     |multi_driven_nets |      0|        0|Passed |Multi driven nets |
+------+------------------+-------+---------+-------+------------------+
---------------------------------------------------------------------------------
Start Handling Custom Attributes
---------------------------------------------------------------------------------
---------------------------------------------------------------------------------
Finished Handling Custom Attributes : Time (s): cpu = 00:00:02 ; elapsed = 00:00:02 . Memory (MB): peak = 1836.375 ; gain = 213.375 ; free physical = 21370 ; free virtual = 34612
---------------------------------------------------------------------------------
---------------------------------------------------------------------------------
Finished RTL Optimization Phase 1 : Time (s): cpu = 00:00:02 ; elapsed = 00:00:02 . Memory (MB): peak = 1836.375 ; gain = 213.375 ; free physical = 21370 ; free virtual = 34612
---------------------------------------------------------------------------------
INFO: [Project 1-570] Preparing netlist for logic optimization

Processing XDC Constraints
Initializing timing engine
Parsing XDC File [/home/it/chipxprt/DSD/lab03/task1/src/pin-assignment.xdc]
WARNING: [Vivado 12-584] No ports matched 'SW[8]'. [/home/it/chipxprt/DSD/lab03/task1/src/pin-assignment.xdc:21]
CRITICAL WARNING: [Common 17-55] 'set_property' expects at least one object. [/home/it/chipxprt/DSD/lab03/task1/src/pin-assignment.xdc:21]
Resolution: If [get_<value>] was used to populate the object, check to make sure this command returns at least one valid object.
WARNING: [Vivado 12-584] No ports matched 'SW[9]'. [/home/it/chipxprt/DSD/lab03/task1/src/pin-assignment.xdc:22]
CRITICAL WARNING: [Common 17-55] 'set_property' expects at least one object. [/home/it/chipxprt/DSD/lab03/task1/src/pin-assignment.xdc:22]
Resolution: If [get_<value>] was used to populate the object, check to make sure this command returns at least one valid object.
WARNING: [Vivado 12-584] No ports matched 'SW[10]'. [/home/it/chipxprt/DSD/lab03/task1/src/pin-assignment.xdc:23]
CRITICAL WARNING: [Common 17-55] 'set_property' expects at least one object. [/home/it/chipxprt/DSD/lab03/task1/src/pin-assignment.xdc:23]
Resolution: If [get_<value>] was used to populate the object, check to make sure this command returns at least one valid object.
WARNING: [Vivado 12-584] No ports matched 'SW[11]'. [/home/it/chipxprt/DSD/lab03/task1/src/pin-assignment.xdc:24]
CRITICAL WARNING: [Common 17-55] 'set_property' expects at least one object. [/home/it/chipxprt/DSD/lab03/task1/src/pin-assignment.xdc:24]
Resolution: If [get_<value>] was used to populate the object, check to make sure this command returns at least one valid object.
WARNING: [Vivado 12-584] No ports matched 'SW[12]'. [/home/it/chipxprt/DSD/lab03/task1/src/pin-assignment.xdc:25]
CRITICAL WARNING: [Common 17-55] 'set_property' expects at least one object. [/home/it/chipxprt/DSD/lab03/task1/src/pin-assignment.xdc:25]
Resolution: If [get_<value>] was used to populate the object, check to make sure this command returns at least one valid object.
WARNING: [Vivado 12-584] No ports matched 'SW[13]'. [/home/it/chipxprt/DSD/lab03/task1/src/pin-assignment.xdc:26]
CRITICAL WARNING: [Common 17-55] 'set_property' expects at least one object. [/home/it/chipxprt/DSD/lab03/task1/src/pin-assignment.xdc:26]
Resolution: If [get_<value>] was used to populate the object, check to make sure this command returns at least one valid object.
WARNING: [Vivado 12-584] No ports matched 'SW[14]'. [/home/it/chipxprt/DSD/lab03/task1/src/pin-assignment.xdc:27]
CRITICAL WARNING: [Common 17-55] 'set_property' expects at least one object. [/home/it/chipxprt/DSD/lab03/task1/src/pin-assignment.xdc:27]
Resolution: If [get_<value>] was used to populate the object, check to make sure this command returns at least one valid object.
WARNING: [Vivado 12-584] No ports matched 'SW[15]'. [/home/it/chipxprt/DSD/lab03/task1/src/pin-assignment.xdc:28]
CRITICAL WARNING: [Common 17-55] 'set_property' expects at least one object. [/home/it/chipxprt/DSD/lab03/task1/src/pin-assignment.xdc:28]
Resolution: If [get_<value>] was used to populate the object, check to make sure this command returns at least one valid object.
WARNING: [Vivado 12-584] No ports matched 'CA'. [/home/it/chipxprt/DSD/lab03/task1/src/pin-assignment.xdc:57]
CRITICAL WARNING: [Common 17-55] 'set_property' expects at least one object. [/home/it/chipxprt/DSD/lab03/task1/src/pin-assignment.xdc:57]
Resolution: If [get_<value>] was used to populate the object, check to make sure this command returns at least one valid object.
WARNING: [Vivado 12-584] No ports matched 'CB'. [/home/it/chipxprt/DSD/lab03/task1/src/pin-assignment.xdc:58]
CRITICAL WARNING: [Common 17-55] 'set_property' expects at least one object. [/home/it/chipxprt/DSD/lab03/task1/src/pin-assignment.xdc:58]
Resolution: If [get_<value>] was used to populate the object, check to make sure this command returns at least one valid object.
WARNING: [Vivado 12-584] No ports matched 'CC'. [/home/it/chipxprt/DSD/lab03/task1/src/pin-assignment.xdc:59]
CRITICAL WARNING: [Common 17-55] 'set_property' expects at least one object. [/home/it/chipxprt/DSD/lab03/task1/src/pin-assignment.xdc:59]
Resolution: If [get_<value>] was used to populate the object, check to make sure this command returns at least one valid object.
WARNING: [Vivado 12-584] No ports matched 'CD'. [/home/it/chipxprt/DSD/lab03/task1/src/pin-assignment.xdc:60]
CRITICAL WARNING: [Common 17-55] 'set_property' expects at least one object. [/home/it/chipxprt/DSD/lab03/task1/src/pin-assignment.xdc:60]
Resolution: If [get_<value>] was used to populate the object, check to make sure this command returns at least one valid object.
WARNING: [Vivado 12-584] No ports matched 'CE'. [/home/it/chipxprt/DSD/lab03/task1/src/pin-assignment.xdc:61]
CRITICAL WARNING: [Common 17-55] 'set_property' expects at least one object. [/home/it/chipxprt/DSD/lab03/task1/src/pin-assignment.xdc:61]
Resolution: If [get_<value>] was used to populate the object, check to make sure this command returns at least one valid object.
WARNING: [Vivado 12-584] No ports matched 'CF'. [/home/it/chipxprt/DSD/lab03/task1/src/pin-assignment.xdc:62]
CRITICAL WARNING: [Common 17-55] 'set_property' expects at least one object. [/home/it/chipxprt/DSD/lab03/task1/src/pin-assignment.xdc:62]
Resolution: If [get_<value>] was used to populate the object, check to make sure this command returns at least one valid object.
WARNING: [Vivado 12-584] No ports matched 'CG'. [/home/it/chipxprt/DSD/lab03/task1/src/pin-assignment.xdc:63]
CRITICAL WARNING: [Common 17-55] 'set_property' expects at least one object. [/home/it/chipxprt/DSD/lab03/task1/src/pin-assignment.xdc:63]
Resolution: If [get_<value>] was used to populate the object, check to make sure this command returns at least one valid object.
WARNING: [Vivado 12-584] No ports matched 'DP'. [/home/it/chipxprt/DSD/lab03/task1/src/pin-assignment.xdc:64]
CRITICAL WARNING: [Common 17-55] 'set_property' expects at least one object. [/home/it/chipxprt/DSD/lab03/task1/src/pin-assignment.xdc:64]
Resolution: If [get_<value>] was used to populate the object, check to make sure this command returns at least one valid object.
WARNING: [Vivado 12-584] No ports matched 'AN[0]'. [/home/it/chipxprt/DSD/lab03/task1/src/pin-assignment.xdc:65]
CRITICAL WARNING: [Common 17-55] 'set_property' expects at least one object. [/home/it/chipxprt/DSD/lab03/task1/src/pin-assignment.xdc:65]
Resolution: If [get_<value>] was used to populate the object, check to make sure this command returns at least one valid object.
WARNING: [Vivado 12-584] No ports matched 'AN[1]'. [/home/it/chipxprt/DSD/lab03/task1/src/pin-assignment.xdc:66]
CRITICAL WARNING: [Common 17-55] 'set_property' expects at least one object. [/home/it/chipxprt/DSD/lab03/task1/src/pin-assignment.xdc:66]
Resolution: If [get_<value>] was used to populate the object, check to make sure this command returns at least one valid object.
WARNING: [Vivado 12-584] No ports matched 'AN[2]'. [/home/it/chipxprt/DSD/lab03/task1/src/pin-assignment.xdc:67]
CRITICAL WARNING: [Common 17-55] 'set_property' expects at least one object. [/home/it/chipxprt/DSD/lab03/task1/src/pin-assignment.xdc:67]
Resolution: If [get_<value>] was used to populate the object, check to make sure this command returns at least one valid object.
WARNING: [Vivado 12-584] No ports matched 'AN[3]'. [/home/it/chipxprt/DSD/lab03/task1/src/pin-assignment.xdc:68]
CRITICAL WARNING: [Common 17-55] 'set_property' expects at least one object. [/home/it/chipxprt/DSD/lab03/task1/src/pin-assignment.xdc:68]
Resolution: If [get_<value>] was used to populate the object, check to make sure this command returns at least one valid object.
WARNING: [Vivado 12-584] No ports matched 'AN[4]'. [/home/it/chipxprt/DSD/lab03/task1/src/pin-assignment.xdc:69]
CRITICAL WARNING: [Common 17-55] 'set_property' expects at least one object. [/home/it/chipxprt/DSD/lab03/task1/src/pin-assignment.xdc:69]
Resolution: If [get_<value>] was used to populate the object, check to make sure this command returns at least one valid object.
WARNING: [Vivado 12-584] No ports matched 'AN[5]'. [/home/it/chipxprt/DSD/lab03/task1/src/pin-assignment.xdc:70]
CRITICAL WARNING: [Common 17-55] 'set_property' expects at least one object. [/home/it/chipxprt/DSD/lab03/task1/src/pin-assignment.xdc:70]
Resolution: If [get_<value>] was used to populate the object, check to make sure this command returns at least one valid object.
WARNING: [Vivado 12-584] No ports matched 'AN[6]'. [/home/it/chipxprt/DSD/lab03/task1/src/pin-assignment.xdc:71]
CRITICAL WARNING: [Common 17-55] 'set_property' expects at least one object. [/home/it/chipxprt/DSD/lab03/task1/src/pin-assignment.xdc:71]
Resolution: If [get_<value>] was used to populate the object, check to make sure this command returns at least one valid object.
WARNING: [Vivado 12-584] No ports matched 'AN[7]'. [/home/it/chipxprt/DSD/lab03/task1/src/pin-assignment.xdc:72]
CRITICAL WARNING: [Common 17-55] 'set_property' expects at least one object. [/home/it/chipxprt/DSD/lab03/task1/src/pin-assignment.xdc:72]
Resolution: If [get_<value>] was used to populate the object, check to make sure this command returns at least one valid object.
WARNING: [Vivado 12-584] No ports matched 'BTNC'. [/home/it/chipxprt/DSD/lab03/task1/src/pin-assignment.xdc:78]
CRITICAL WARNING: [Common 17-55] 'set_property' expects at least one object. [/home/it/chipxprt/DSD/lab03/task1/src/pin-assignment.xdc:78]
Resolution: If [get_<value>] was used to populate the object, check to make sure this command returns at least one valid object.
WARNING: [Vivado 12-507] No nets matched 'BTNC_IBUF'. [/home/it/chipxprt/DSD/lab03/task1/src/pin-assignment.xdc:83]
CRITICAL WARNING: [Common 17-55] 'set_property' expects at least one object. [/home/it/chipxprt/DSD/lab03/task1/src/pin-assignment.xdc:83]
Resolution: If [get_<value>] was used to populate the object, check to make sure this command returns at least one valid object.
Finished Parsing XDC File [/home/it/chipxprt/DSD/lab03/task1/src/pin-assignment.xdc]
INFO: [Project 1-236] Implementation specific constraints were found while reading constraint file [/home/it/chipxprt/DSD/lab03/task1/src/pin-assignment.xdc]. These constraints will be ignored for synthesis but will be used in implementation. Impacted constraints are listed in the file [.Xil/Task3_top_propImpl.xdc].
Resolution: To avoid this warning, move constraints listed in [.Xil/Task3_top_propImpl.xdc] to another XDC file and exclude this new file from synthesis with the used_in_synthesis property (File Properties dialog in GUI) and re-run elaboration/synthesis.
Completed Processing XDC Constraints

Netlist sorting complete. Time (s): cpu = 00:00:00 ; elapsed = 00:00:00 . Memory (MB): peak = 2011.094 ; gain = 0.000 ; free physical = 21256 ; free virtual = 34540
INFO: [Project 1-111] Unisim Transformation Summary:
No Unisim elements were transformed.

Constraint Validation Runtime : Time (s): cpu = 00:00:00 ; elapsed = 00:00:00 . Memory (MB): peak = 2011.094 ; gain = 0.000 ; free physical = 21256 ; free virtual = 34540
---------------------------------------------------------------------------------
Finished Constraint Validation : Time (s): cpu = 00:00:04 ; elapsed = 00:00:05 . Memory (MB): peak = 2011.094 ; gain = 388.094 ; free physical = 21315 ; free virtual = 34539
---------------------------------------------------------------------------------
---------------------------------------------------------------------------------
Start Loading Part and Timing Information
---------------------------------------------------------------------------------
Loading part: xc7a100tcsg324-1
---------------------------------------------------------------------------------
Finished Loading Part and Timing Information : Time (s): cpu = 00:00:04 ; elapsed = 00:00:05 . Memory (MB): peak = 2011.094 ; gain = 388.094 ; free physical = 21315 ; free virtual = 34539
---------------------------------------------------------------------------------
---------------------------------------------------------------------------------
Start Applying 'set_property' XDC Constraints
---------------------------------------------------------------------------------
---------------------------------------------------------------------------------
Finished applying 'set_property' XDC Constraints : Time (s): cpu = 00:00:04 ; elapsed = 00:00:05 . Memory (MB): peak = 2011.094 ; gain = 388.094 ; free physical = 21315 ; free virtual = 34539
---------------------------------------------------------------------------------
INFO: [Synth 8-5818] HDL ADVISOR - The operator resource <adder> is shared. To prevent sharing consider applying a KEEP on the output of the operator [/home/it/chipxprt/Reda_raid/DSD/assignment2/Task3/Task2.srcs/sources_1/new/Task2.sv:108]
INFO: [Synth 8-5818] HDL ADVISOR - The operator resource <adder> is shared. To prevent sharing consider applying a KEEP on the output of the operator [/home/it/chipxprt/Reda_raid/DSD/assignment2/Task3/Task2.srcs/sources_1/new/Task2.sv:108]
INFO: [Synth 8-802] inferred FSM for state register 'current_state_reg' in module 'Task3'
---------------------------------------------------------------------------------------------------
                   State |                     New Encoding |                Previous Encoding 
---------------------------------------------------------------------------------------------------
                    idle |                           000001 |                             0110
                    init |                           000010 |                             0101
                plotting |                           000100 |                             0100
                    comp |                           001000 |                             0011
                    more |                           010000 |                             0001
                   check |                           100000 |                             0000
---------------------------------------------------------------------------------------------------
INFO: [Synth 8-3354] encoded FSM with state register 'current_state_reg' using encoding 'one-hot' in module 'Task3'
---------------------------------------------------------------------------------
Finished RTL Optimization Phase 2 : Time (s): cpu = 00:00:04 ; elapsed = 00:00:05 . Memory (MB): peak = 2011.094 ; gain = 388.094 ; free physical = 21317 ; free virtual = 34541
---------------------------------------------------------------------------------

Report RTL Partitions: 
+-+--------------+------------+----------+
| |RTL Partition |Replication |Instances |
+-+--------------+------------+----------+
+-+--------------+------------+----------+
---------------------------------------------------------------------------------
Start RTL Component Statistics 
---------------------------------------------------------------------------------
Detailed RTL Component Info : 
+---Adders : 
	   2 Input     10 Bit       Adders := 2     
	   2 Input      8 Bit       Adders := 2     
	   3 Input      8 Bit       Adders := 1     
	   3 Input      7 Bit       Adders := 1     
	   2 Input      3 Bit       Adders := 1     
	   2 Input      2 Bit       Adders := 1     
+---Registers : 
	               10 Bit    Registers := 2     
	                8 Bit    Registers := 3     
	                7 Bit    Registers := 1     
	                2 Bit    Registers := 1     
	                1 Bit    Registers := 2     
+---Muxes : 
	   2 Input      8 Bit        Muxes := 1     
	   6 Input      6 Bit        Muxes := 1     
	   2 Input      6 Bit        Muxes := 4     
	   2 Input      3 Bit        Muxes := 2     
	   2 Input      1 Bit        Muxes := 2     
	   8 Input      1 Bit        Muxes := 1     
	   3 Input      1 Bit        Muxes := 1     
---------------------------------------------------------------------------------
Finished RTL Component Statistics 
---------------------------------------------------------------------------------
---------------------------------------------------------------------------------
Start RTL Hierarchical Component Statistics 
---------------------------------------------------------------------------------
Hierarchical RTL Component report 
Module Task3 
Detailed RTL Component Info : 
+---Adders : 
	   2 Input      8 Bit       Adders := 2     
	   3 Input      8 Bit       Adders := 1     
	   3 Input      7 Bit       Adders := 1     
	   2 Input      3 Bit       Adders := 1     
+---Registers : 
	                8 Bit    Registers := 3     
	                7 Bit    Registers := 1     
	                1 Bit    Registers := 2     
+---Muxes : 
	   2 Input      8 Bit        Muxes := 1     
	   6 Input      6 Bit        Muxes := 1     
	   2 Input      6 Bit        Muxes := 4     
	   2 Input      3 Bit        Muxes := 2     
	   2 Input      1 Bit        Muxes := 2     
	   8 Input      1 Bit        Muxes := 1     
	   3 Input      1 Bit        Muxes := 1     
Module vga_controller 
Detailed RTL Component Info : 
+---Adders : 
	   2 Input     10 Bit       Adders := 2     
	   2 Input      2 Bit       Adders := 1     
+---Registers : 
	               10 Bit    Registers := 2     
	                2 Bit    Registers := 1     
---------------------------------------------------------------------------------
Finished RTL Hierarchical Component Statistics
---------------------------------------------------------------------------------
---------------------------------------------------------------------------------
Start Part Resource Summary
---------------------------------------------------------------------------------
Part Resources:
DSPs: 240 (col length:80)
BRAMs: 270 (col length: RAMB18 80 RAMB36 40)
---------------------------------------------------------------------------------
Finished Part Resource Summary
---------------------------------------------------------------------------------
---------------------------------------------------------------------------------
Start Cross Boundary and Area Optimization
---------------------------------------------------------------------------------
Warning: Parallel synthesis criteria is not met 
INFO: [Synth 8-3886] merging instance 'u_Task3/Count_reg[7]' (FDC) to 'u_Task3/Count_reg[3]'
INFO: [Synth 8-3886] merging instance 'u_Task3/Count_reg[6]' (FDC) to 'u_Task3/Count_reg[3]'
INFO: [Synth 8-3886] merging instance 'u_Task3/Count_reg[5]' (FDC) to 'u_Task3/Count_reg[3]'
INFO: [Synth 8-3886] merging instance 'u_Task3/Count_reg[4]' (FDC) to 'u_Task3/Count_reg[3]'
INFO: [Synth 8-3333] propagating constant 0 across sequential element (\u_Task3/Count_reg[3] )
INFO: [Synth 8-3333] propagating constant 0 across sequential element (\u_Task3/F_reg )
CRITICAL WARNING: [Synth 8-6859] multi-driven net on pin Q with 1st driver pin 'u_Task3/x_reg[7]__0/Q' [/home/it/chipxprt/Reda_raid/DSD/assignment2/Task3/Task2.srcs/sources_1/new/Task2.sv:87]
CRITICAL WARNING: [Synth 8-6859] multi-driven net on pin Q with 2nd driver pin 'GND' [/home/it/chipxprt/Reda_raid/DSD/assignment2/Task3/Task2.srcs/sources_1/new/Task2.sv:87]
CRITICAL WARNING: [Synth 8-6858] multi-driven net Q is connected to at least one constant driver which has been preserved, other driver is ignored [/home/it/chipxprt/Reda_raid/DSD/assignment2/Task3/Task2.srcs/sources_1/new/Task2.sv:87]
CRITICAL WARNING: [Synth 8-6859] multi-driven net on pin Q with 1st driver pin 'u_Task3/x_reg[6]__0/Q' [/home/it/chipxprt/Reda_raid/DSD/assignment2/Task3/Task2.srcs/sources_1/new/Task2.sv:87]
CRITICAL WARNING: [Synth 8-6859] multi-driven net on pin Q with 2nd driver pin 'GND' [/home/it/chipxprt/Reda_raid/DSD/assignment2/Task3/Task2.srcs/sources_1/new/Task2.sv:87]
CRITICAL WARNING: [Synth 8-6858] multi-driven net Q is connected to at least one constant driver which has been preserved, other driver is ignored [/home/it/chipxprt/Reda_raid/DSD/assignment2/Task3/Task2.srcs/sources_1/new/Task2.sv:87]
CRITICAL WARNING: [Synth 8-6859] multi-driven net on pin Q with 1st driver pin 'u_Task3/x_reg[5]__0/Q' [/home/it/chipxprt/Reda_raid/DSD/assignment2/Task3/Task2.srcs/sources_1/new/Task2.sv:87]
CRITICAL WARNING: [Synth 8-6859] multi-driven net on pin Q with 2nd driver pin 'GND' [/home/it/chipxprt/Reda_raid/DSD/assignment2/Task3/Task2.srcs/sources_1/new/Task2.sv:87]
CRITICAL WARNING: [Synth 8-6858] multi-driven net Q is connected to at least one constant driver which has been preserved, other driver is ignored [/home/it/chipxprt/Reda_raid/DSD/assignment2/Task3/Task2.srcs/sources_1/new/Task2.sv:87]
CRITICAL WARNING: [Synth 8-6859] multi-driven net on pin Q with 1st driver pin 'u_Task3/x_reg[4]__0/Q' [/home/it/chipxprt/Reda_raid/DSD/assignment2/Task3/Task2.srcs/sources_1/new/Task2.sv:87]
CRITICAL WARNING: [Synth 8-6859] multi-driven net on pin Q with 2nd driver pin 'GND' [/home/it/chipxprt/Reda_raid/DSD/assignment2/Task3/Task2.srcs/sources_1/new/Task2.sv:87]
CRITICAL WARNING: [Synth 8-6858] multi-driven net Q is connected to at least one constant driver which has been preserved, other driver is ignored [/home/it/chipxprt/Reda_raid/DSD/assignment2/Task3/Task2.srcs/sources_1/new/Task2.sv:87]
CRITICAL WARNING: [Synth 8-6859] multi-driven net on pin Q with 1st driver pin 'u_Task3/x_reg[3]__0/Q' [/home/it/chipxprt/Reda_raid/DSD/assignment2/Task3/Task2.srcs/sources_1/new/Task2.sv:87]
CRITICAL WARNING: [Synth 8-6859] multi-driven net on pin Q with 2nd driver pin 'GND' [/home/it/chipxprt/Reda_raid/DSD/assignment2/Task3/Task2.srcs/sources_1/new/Task2.sv:87]
CRITICAL WARNING: [Synth 8-6858] multi-driven net Q is connected to at least one constant driver which has been preserved, other driver is ignored [/home/it/chipxprt/Reda_raid/DSD/assignment2/Task3/Task2.srcs/sources_1/new/Task2.sv:87]
CRITICAL WARNING: [Synth 8-6859] multi-driven net on pin Q with 1st driver pin 'u_Task3/x_reg[2]__0/Q' [/home/it/chipxprt/Reda_raid/DSD/assignment2/Task3/Task2.srcs/sources_1/new/Task2.sv:87]
CRITICAL WARNING: [Synth 8-6859] multi-driven net on pin Q with 2nd driver pin 'GND' [/home/it/chipxprt/Reda_raid/DSD/assignment2/Task3/Task2.srcs/sources_1/new/Task2.sv:87]
CRITICAL WARNING: [Synth 8-6858] multi-driven net Q is connected to at least one constant driver which has been preserved, other driver is ignored [/home/it/chipxprt/Reda_raid/DSD/assignment2/Task3/Task2.srcs/sources_1/new/Task2.sv:87]
CRITICAL WARNING: [Synth 8-6859] multi-driven net on pin Q with 1st driver pin 'u_Task3/x_reg[1]__0/Q' [/home/it/chipxprt/Reda_raid/DSD/assignment2/Task3/Task2.srcs/sources_1/new/Task2.sv:87]
CRITICAL WARNING: [Synth 8-6859] multi-driven net on pin Q with 2nd driver pin 'GND' [/home/it/chipxprt/Reda_raid/DSD/assignment2/Task3/Task2.srcs/sources_1/new/Task2.sv:87]
CRITICAL WARNING: [Synth 8-6858] multi-driven net Q is connected to at least one constant driver which has been preserved, other driver is ignored [/home/it/chipxprt/Reda_raid/DSD/assignment2/Task3/Task2.srcs/sources_1/new/Task2.sv:87]
CRITICAL WARNING: [Synth 8-6859] multi-driven net on pin Q with 1st driver pin 'u_Task3/x_reg[0]__0/Q' [/home/it/chipxprt/Reda_raid/DSD/assignment2/Task3/Task2.srcs/sources_1/new/Task2.sv:87]
CRITICAL WARNING: [Synth 8-6859] multi-driven net on pin Q with 2nd driver pin 'GND' [/home/it/chipxprt/Reda_raid/DSD/assignment2/Task3/Task2.srcs/sources_1/new/Task2.sv:87]
CRITICAL WARNING: [Synth 8-6858] multi-driven net Q is connected to at least one constant driver which has been preserved, other driver is ignored [/home/it/chipxprt/Reda_raid/DSD/assignment2/Task3/Task2.srcs/sources_1/new/Task2.sv:87]
---------------------------------------------------------------------------------
Finished Cross Boundary and Area Optimization : Time (s): cpu = 00:00:06 ; elapsed = 00:00:07 . Memory (MB): peak = 2011.094 ; gain = 388.094 ; free physical = 21309 ; free virtual = 34538
---------------------------------------------------------------------------------
---------------------------------------------------------------------------------
Start ROM, RAM, DSP and Shift Register Reporting
---------------------------------------------------------------------------------

Distributed RAM: Preliminary Mapping  Report (see note below)
+------------+------------------------------+-----------+----------------------+----------------+
|Module Name | RTL Object                   | Inference | Size (Depth x Width) | Primitives     | 
+------------+------------------------------+-----------+----------------------+----------------+
|Task3_top   | u_vga_core/video_mem/ram_reg | Implied   | 32 K x 3             | RAM64M x 300   | 
+------------+------------------------------+-----------+----------------------+----------------+

Note: The table above is a preliminary report that shows the Distributed RAMs at the current stage of the synthesis flow. Some Distributed RAMs may be reimplemented as non Distributed RAM primitives later in the synthesis flow. Multiple instantiated RAMs are reported only once.
---------------------------------------------------------------------------------
Finished ROM, RAM, DSP and Shift Register Reporting
---------------------------------------------------------------------------------

Report RTL Partitions: 
+-+--------------+------------+----------+
| |RTL Partition |Replication |Instances |
+-+--------------+------------+----------+
+-+--------------+------------+----------+
---------------------------------------------------------------------------------
Start Applying XDC Timing Constraints
---------------------------------------------------------------------------------
---------------------------------------------------------------------------------
Finished Applying XDC Timing Constraints : Time (s): cpu = 00:00:08 ; elapsed = 00:00:10 . Memory (MB): peak = 2011.094 ; gain = 388.094 ; free physical = 21254 ; free virtual = 34483
---------------------------------------------------------------------------------
---------------------------------------------------------------------------------
Start Timing Optimization
---------------------------------------------------------------------------------
---------------------------------------------------------------------------------
Finished Timing Optimization : Time (s): cpu = 00:00:08 ; elapsed = 00:00:10 . Memory (MB): peak = 2011.094 ; gain = 388.094 ; free physical = 21254 ; free virtual = 34483
---------------------------------------------------------------------------------
---------------------------------------------------------------------------------
Start ROM, RAM, DSP and Shift Register Reporting
---------------------------------------------------------------------------------

Distributed RAM: Final Mapping  Report
+------------+------------------------------+-----------+----------------------+----------------+
|Module Name | RTL Object                   | Inference | Size (Depth x Width) | Primitives     | 
+------------+------------------------------+-----------+----------------------+----------------+
|Task3_top   | u_vga_core/video_mem/ram_reg | Implied   | 32 K x 3             | RAM64M x 300   | 
+------------+------------------------------+-----------+----------------------+----------------+

---------------------------------------------------------------------------------
Finished ROM, RAM, DSP and Shift Register Reporting
---------------------------------------------------------------------------------

Report RTL Partitions: 
+-+--------------+------------+----------+
| |RTL Partition |Replication |Instances |
+-+--------------+------------+----------+
+-+--------------+------------+----------+
---------------------------------------------------------------------------------
Start Technology Mapping
---------------------------------------------------------------------------------
---------------------------------------------------------------------------------
Finished Technology Mapping : Time (s): cpu = 00:00:09 ; elapsed = 00:00:10 . Memory (MB): peak = 2011.094 ; gain = 388.094 ; free physical = 21230 ; free virtual = 34459
---------------------------------------------------------------------------------

Report RTL Partitions: 
+-+--------------+------------+----------+
| |RTL Partition |Replication |Instances |
+-+--------------+------------+----------+
+-+--------------+------------+----------+
---------------------------------------------------------------------------------
Start IO Insertion
---------------------------------------------------------------------------------
---------------------------------------------------------------------------------
Start Flattening Before IO Insertion
---------------------------------------------------------------------------------
---------------------------------------------------------------------------------
Finished Flattening Before IO Insertion
---------------------------------------------------------------------------------
---------------------------------------------------------------------------------
Start Final Netlist Cleanup
---------------------------------------------------------------------------------
---------------------------------------------------------------------------------
Finished Final Netlist Cleanup
---------------------------------------------------------------------------------
---------------------------------------------------------------------------------
Finished IO Insertion : Time (s): cpu = 00:00:09 ; elapsed = 00:00:10 . Memory (MB): peak = 2011.094 ; gain = 388.094 ; free physical = 21230 ; free virtual = 34459
---------------------------------------------------------------------------------

Report Check Netlist: 
+------+------------------+-------+---------+-------+------------------+
|      |Item              |Errors |Warnings |Status |Description       |
+------+------------------+-------+---------+-------+------------------+
|1     |multi_driven_nets |      0|        0|Passed |Multi driven nets |
+------+------------------+-------+---------+-------+------------------+
---------------------------------------------------------------------------------
Start Renaming Generated Instances
---------------------------------------------------------------------------------
---------------------------------------------------------------------------------
Finished Renaming Generated Instances : Time (s): cpu = 00:00:09 ; elapsed = 00:00:10 . Memory (MB): peak = 2011.094 ; gain = 388.094 ; free physical = 21230 ; free virtual = 34459
---------------------------------------------------------------------------------

Report RTL Partitions: 
+-+--------------+------------+----------+
| |RTL Partition |Replication |Instances |
+-+--------------+------------+----------+
+-+--------------+------------+----------+
---------------------------------------------------------------------------------
Start Rebuilding User Hierarchy
---------------------------------------------------------------------------------
---------------------------------------------------------------------------------
Finished Rebuilding User Hierarchy : Time (s): cpu = 00:00:09 ; elapsed = 00:00:11 . Memory (MB): peak = 2011.094 ; gain = 388.094 ; free physical = 21231 ; free virtual = 34460
---------------------------------------------------------------------------------
---------------------------------------------------------------------------------
Start Renaming Generated Ports
---------------------------------------------------------------------------------
---------------------------------------------------------------------------------
Finished Renaming Generated Ports : Time (s): cpu = 00:00:09 ; elapsed = 00:00:11 . Memory (MB): peak = 2011.094 ; gain = 388.094 ; free physical = 21231 ; free virtual = 34460
---------------------------------------------------------------------------------
---------------------------------------------------------------------------------
Start Handling Custom Attributes
---------------------------------------------------------------------------------
---------------------------------------------------------------------------------
Finished Handling Custom Attributes : Time (s): cpu = 00:00:09 ; elapsed = 00:00:11 . Memory (MB): peak = 2011.094 ; gain = 388.094 ; free physical = 21231 ; free virtual = 34460
---------------------------------------------------------------------------------
---------------------------------------------------------------------------------
Start Renaming Generated Nets
---------------------------------------------------------------------------------
---------------------------------------------------------------------------------
Finished Renaming Generated Nets : Time (s): cpu = 00:00:09 ; elapsed = 00:00:11 . Memory (MB): peak = 2011.094 ; gain = 388.094 ; free physical = 21231 ; free virtual = 34460
---------------------------------------------------------------------------------
---------------------------------------------------------------------------------
Start Writing Synthesis Report
---------------------------------------------------------------------------------

Report BlackBoxes: 
+-+--------------+----------+
| |BlackBox name |Instances |
+-+--------------+----------+
+-+--------------+----------+

Report Cell Usage: 
+------+-------+------+
|      |Cell   |Count |
+------+-------+------+
|1     |BUFG   |     2|
|2     |CARRY4 |    12|
|3     |LUT1   |     3|
|4     |LUT2   |    89|
|5     |LUT3   |    21|
|6     |LUT4   |    55|
|7     |LUT5   |    34|
|8     |LUT6   |   579|
|9     |MUXF7  |   117|
|10    |MUXF8  |    48|
|11    |RAM64M |   300|
|12    |FDCE   |   116|
|13    |FDPE   |     1|
|14    |IBUF   |    11|
|15    |OBUF   |    14|
+------+-------+------+

Report Instance Areas: 
+------+---------------+---------------+------+
|      |Instance       |Module         |Cells |
+------+---------------+---------------+------+
|1     |top            |               |  1402|
|2     |  u_Task3      |Task3          |   459|
|3     |  u_vga_core   |vga_core       |   916|
|4     |    vga_timing |vga_controller |   148|
|5     |    video_mem  |video_memory   |   737|
+------+---------------+---------------+------+
---------------------------------------------------------------------------------
Finished Writing Synthesis Report : Time (s): cpu = 00:00:09 ; elapsed = 00:00:11 . Memory (MB): peak = 2011.094 ; gain = 388.094 ; free physical = 21231 ; free virtual = 34460
---------------------------------------------------------------------------------
Synthesis finished with 0 errors, 24 critical warnings and 0 warnings.
Synthesis Optimization Runtime : Time (s): cpu = 00:00:08 ; elapsed = 00:00:10 . Memory (MB): peak = 2011.094 ; gain = 213.375 ; free physical = 21231 ; free virtual = 34460
Synthesis Optimization Complete : Time (s): cpu = 00:00:09 ; elapsed = 00:00:11 . Memory (MB): peak = 2011.094 ; gain = 388.094 ; free physical = 21247 ; free virtual = 34476
INFO: [Project 1-571] Translating synthesized netlist
INFO: [Netlist 29-17] Analyzing 477 Unisim elements for replacement
INFO: [Netlist 29-28] Unisim Transformation completed in 0 CPU seconds
INFO: [Project 1-570] Preparing netlist for logic optimization
INFO: [Opt 31-138] Pushed 0 inverter(s) to 0 load pin(s).
Netlist sorting complete. Time (s): cpu = 00:00:00.01 ; elapsed = 00:00:00 . Memory (MB): peak = 2017.031 ; gain = 0.000 ; free physical = 21226 ; free virtual = 34455
INFO: [Project 1-111] Unisim Transformation Summary:
  A total of 300 instances were transformed.
  RAM64M => RAM64M (RAMD64E, RAMD64E, RAMD64E, RAMD64E): 300 instances

INFO: [Common 17-83] Releasing license: Synthesis
33 Infos, 37 Warnings, 50 Critical Warnings and 0 Errors encountered.
synth_design completed successfully
synth_design: Time (s): cpu = 00:00:12 ; elapsed = 00:00:13 . Memory (MB): peak = 2017.031 ; gain = 634.883 ; free physical = 21253 ; free virtual = 34482
Netlist sorting complete. Time (s): cpu = 00:00:00 ; elapsed = 00:00:00 . Memory (MB): peak = 2017.031 ; gain = 0.000 ; free physical = 21253 ; free virtual = 34482
WARNING: [Constraints 18-5210] No constraints selected for write.
Resolution: This message can indicate that there are no constraints for the design, or it can indicate that the used_in flags are set such that the constraints are ignored. This later case is used when running synth_design to not write synthesis constraints to the resulting checkpoint. Instead, project constraints are read when the synthesized design is opened.
INFO: [Common 17-1381] The checkpoint '/home/it/chipxprt/Reda_raid/DSD/assignment2/Task3/Task2.runs/synth_1/Task3_top.dcp' has been generated.
INFO: [runtcl-4] Executing : report_utilization -file Task3_top_utilization_synth.rpt -pb Task3_top_utilization_synth.pb
INFO: [Common 17-206] Exiting Vivado at Thu Dec  5 16:13:51 2024...
